Jaccard
Opening and cleaning files...
Getting k-grams...
Getting minHashes...
Calculating empirical...
Calculating theoretical...
['hamlet_chapter1', 'hamlet_chapter2', 'hamlet_chapter3', 'hamlet_chapter4', 'hamlet_chapter5', 'kingLear_chapter1', 'kingLear_chapter2', 'kingLear_chapter3', 'kingLear_chapter4', 'kingLear_chapter5', 'othello_chapter1', 'othello_chapter2', 'othello_chapter3', 'othello_chapter4', 'othello_chapter5', 'romeoJuliet_chapter1', 'romeoJuliet_chapter2', 'romeoJuliet_chapter3', 'romeoJuliet_chapter4', 'romeoJuliet_chapter5', 'romeoJuliet_prologue', 'ulysses_chapter1', 'ulysses_chapter2', 'ulysses_chapter3']
Comparison: empirical | theoretical
hamlet_chapter1 vs hamlet_chapter1:	1.0 | 1.0
hamlet_chapter1 vs hamlet_chapter2:	0.0 | 0.0
hamlet_chapter1 vs hamlet_chapter3:	0.0 | 0.0
hamlet_chapter1 vs hamlet_chapter4:	0.0 | 0.0
hamlet_chapter1 vs hamlet_chapter5:	0.0 | 0.0
hamlet_chapter1 vs kingLear_chapter1:	0.0 | 0.0
hamlet_chapter1 vs kingLear_chapter2:	0.0 | 0.0
hamlet_chapter1 vs kingLear_chapter3:	0.0 | 0.0
hamlet_chapter1 vs kingLear_chapter4:	0.0 | 0.0
hamlet_chapter1 vs kingLear_chapter5:	0.0 | 0.0
hamlet_chapter1 vs othello_chapter1:	0.0 | 0.0
hamlet_chapter1 vs othello_chapter2:	0.0 | 0.0
hamlet_chapter1 vs othello_chapter3:	0.0 | 0.0
hamlet_chapter1 vs othello_chapter4:	0.0 | 7.937767899666614e-05
hamlet_chapter1 vs othello_chapter5:	0.0 | 0.0
hamlet_chapter1 vs romeoJuliet_chapter1:	0.0 | 0.0
hamlet_chapter1 vs romeoJuliet_chapter2:	0.0 | 0.0
hamlet_chapter1 vs romeoJuliet_chapter3:	0.0 | 0.0
hamlet_chapter1 vs romeoJuliet_chapter4:	0.0 | 0.0
hamlet_chapter1 vs romeoJuliet_chapter5:	0.0 | 0.0
hamlet_chapter1 vs romeoJuliet_prologue:	0.0 | 0.0
hamlet_chapter1 vs ulysses_chapter1:	0.0 | 0.00016231131309852296
hamlet_chapter1 vs ulysses_chapter2:	0.0 | 2.1263136631600212e-05
hamlet_chapter1 vs ulysses_chapter3:	0.0 | 0.0
hamlet_chapter2 vs hamlet_chapter2:	1.0 | 1.0
hamlet_chapter2 vs hamlet_chapter3:	0.0 | 0.0
hamlet_chapter2 vs hamlet_chapter4:	0.0 | 0.0
hamlet_chapter2 vs hamlet_chapter5:	0.0 | 0.0
hamlet_chapter2 vs kingLear_chapter1:	0.0 | 0.0
hamlet_chapter2 vs kingLear_chapter2:	0.0 | 0.0
hamlet_chapter2 vs kingLear_chapter3:	0.0 | 0.0
hamlet_chapter2 vs kingLear_chapter4:	0.0 | 0.0
hamlet_chapter2 vs kingLear_chapter5:	0.0 | 0.0
hamlet_chapter2 vs othello_chapter1:	0.0 | 0.0
hamlet_chapter2 vs othello_chapter2:	0.0 | 0.0
hamlet_chapter2 vs othello_chapter3:	0.0 | 0.0
hamlet_chapter2 vs othello_chapter4:	0.0 | 0.0
hamlet_chapter2 vs othello_chapter5:	0.0 | 0.0
hamlet_chapter2 vs romeoJuliet_chapter1:	0.0 | 0.0
hamlet_chapter2 vs romeoJuliet_chapter2:	0.0 | 0.0
hamlet_chapter2 vs romeoJuliet_chapter3:	0.0 | 0.0
hamlet_chapter2 vs romeoJuliet_chapter4:	0.0 | 0.0
hamlet_chapter2 vs romeoJuliet_chapter5:	0.0 | 0.0
hamlet_chapter2 vs romeoJuliet_prologue:	0.0 | 0.0
hamlet_chapter2 vs ulysses_chapter1:	0.0 | 0.0
hamlet_chapter2 vs ulysses_chapter2:	0.0 | 1.0691985287828244e-05
hamlet_chapter2 vs ulysses_chapter3:	0.0 | 0.0
hamlet_chapter3 vs hamlet_chapter3:	1.0 | 1.0
hamlet_chapter3 vs hamlet_chapter4:	0.0 | 0.0
hamlet_chapter3 vs hamlet_chapter5:	0.0 | 7.270612185546023e-05
hamlet_chapter3 vs kingLear_chapter1:	0.0 | 0.0
hamlet_chapter3 vs kingLear_chapter2:	0.0 | 0.0
hamlet_chapter3 vs kingLear_chapter3:	0.0 | 0.0
hamlet_chapter3 vs kingLear_chapter4:	0.0 | 0.0
hamlet_chapter3 vs kingLear_chapter5:	0.0 | 0.0
hamlet_chapter3 vs othello_chapter1:	0.0 | 0.0
hamlet_chapter3 vs othello_chapter2:	0.0 | 0.0
hamlet_chapter3 vs othello_chapter3:	0.0 | 0.0
hamlet_chapter3 vs othello_chapter4:	0.0 | 0.0
hamlet_chapter3 vs othello_chapter5:	0.0 | 0.0
hamlet_chapter3 vs romeoJuliet_chapter1:	0.0 | 0.0
hamlet_chapter3 vs romeoJuliet_chapter2:	0.0 | 0.0
hamlet_chapter3 vs romeoJuliet_chapter3:	0.0 | 0.0
hamlet_chapter3 vs romeoJuliet_chapter4:	0.0 | 0.0
hamlet_chapter3 vs romeoJuliet_chapter5:	0.0 | 0.0
hamlet_chapter3 vs romeoJuliet_prologue:	0.0 | 0.0
hamlet_chapter3 vs ulysses_chapter1:	0.0 | 0.0
hamlet_chapter3 vs ulysses_chapter2:	0.0 | 2.119115481198148e-05
hamlet_chapter3 vs ulysses_chapter3:	0.0 | 0.0
hamlet_chapter4 vs hamlet_chapter4:	1.0 | 1.0
hamlet_chapter4 vs hamlet_chapter5:	0.0 | 0.0
hamlet_chapter4 vs kingLear_chapter1:	0.0 | 0.0
hamlet_chapter4 vs kingLear_chapter2:	0.0 | 0.0
hamlet_chapter4 vs kingLear_chapter3:	0.0 | 0.0
hamlet_chapter4 vs kingLear_chapter4:	0.0 | 0.0
hamlet_chapter4 vs kingLear_chapter5:	0.0 | 0.0
hamlet_chapter4 vs othello_chapter1:	0.0 | 0.0
hamlet_chapter4 vs othello_chapter2:	0.0 | 0.0
hamlet_chapter4 vs othello_chapter3:	0.0 | 0.0
hamlet_chapter4 vs othello_chapter4:	0.0 | 0.0
hamlet_chapter4 vs othello_chapter5:	0.0 | 0.0
hamlet_chapter4 vs romeoJuliet_chapter1:	0.0 | 0.0
hamlet_chapter4 vs romeoJuliet_chapter2:	0.0 | 0.0
hamlet_chapter4 vs romeoJuliet_chapter3:	0.0 | 0.0
hamlet_chapter4 vs romeoJuliet_chapter4:	0.0 | 0.0
hamlet_chapter4 vs romeoJuliet_chapter5:	0.0 | 0.0
hamlet_chapter4 vs romeoJuliet_prologue:	0.0 | 0.0
hamlet_chapter4 vs ulysses_chapter1:	0.0 | 0.0
hamlet_chapter4 vs ulysses_chapter2:	0.0 | 0.0
hamlet_chapter4 vs ulysses_chapter3:	0.0 | 0.0
hamlet_chapter5 vs hamlet_chapter5:	1.0 | 1.0
hamlet_chapter5 vs kingLear_chapter1:	0.0 | 0.0
hamlet_chapter5 vs kingLear_chapter2:	0.0 | 0.0
hamlet_chapter5 vs kingLear_chapter3:	0.0 | 0.0
hamlet_chapter5 vs kingLear_chapter4:	0.0 | 0.0
hamlet_chapter5 vs kingLear_chapter5:	0.0 | 0.0
hamlet_chapter5 vs othello_chapter1:	0.0 | 0.0
hamlet_chapter5 vs othello_chapter2:	0.0 | 0.0
hamlet_chapter5 vs othello_chapter3:	0.0 | 0.0
hamlet_chapter5 vs othello_chapter4:	0.0 | 0.0
hamlet_chapter5 vs othello_chapter5:	0.0 | 0.0
hamlet_chapter5 vs romeoJuliet_chapter1:	0.0 | 0.0
hamlet_chapter5 vs romeoJuliet_chapter2:	0.0 | 0.0
hamlet_chapter5 vs romeoJuliet_chapter3:	0.0 | 0.0
hamlet_chapter5 vs romeoJuliet_chapter4:	0.0 | 0.0
hamlet_chapter5 vs romeoJuliet_chapter5:	0.0 | 0.0
hamlet_chapter5 vs romeoJuliet_prologue:	0.0 | 0.0
hamlet_chapter5 vs ulysses_chapter1:	0.0 | 0.0
hamlet_chapter5 vs ulysses_chapter2:	0.0 | 0.0
hamlet_chapter5 vs ulysses_chapter3:	0.0 | 0.0
kingLear_chapter1 vs kingLear_chapter1:	1.0 | 1.0
kingLear_chapter1 vs kingLear_chapter2:	0.0 | 0.0
kingLear_chapter1 vs kingLear_chapter3:	0.0 | 0.0
kingLear_chapter1 vs kingLear_chapter4:	0.0 | 0.00028958227756461304
kingLear_chapter1 vs kingLear_chapter5:	0.0 | 0.0
kingLear_chapter1 vs othello_chapter1:	0.0 | 0.0
kingLear_chapter1 vs othello_chapter2:	0.0 | 0.0
kingLear_chapter1 vs othello_chapter3:	0.0 | 0.0
kingLear_chapter1 vs othello_chapter4:	0.0 | 0.0
kingLear_chapter1 vs othello_chapter5:	0.0 | 0.0
kingLear_chapter1 vs romeoJuliet_chapter1:	0.0 | 0.0
kingLear_chapter1 vs romeoJuliet_chapter2:	0.0 | 0.0
kingLear_chapter1 vs romeoJuliet_chapter3:	0.0 | 0.0
kingLear_chapter1 vs romeoJuliet_chapter4:	0.0 | 0.0
kingLear_chapter1 vs romeoJuliet_chapter5:	0.0 | 0.0
kingLear_chapter1 vs romeoJuliet_prologue:	0.0 | 0.0
kingLear_chapter1 vs ulysses_chapter1:	0.0 | 0.0
kingLear_chapter1 vs ulysses_chapter2:	0.0 | 0.0
kingLear_chapter1 vs ulysses_chapter3:	0.0 | 0.0
kingLear_chapter2 vs kingLear_chapter2:	1.0 | 1.0
kingLear_chapter2 vs kingLear_chapter3:	0.0 | 0.0
kingLear_chapter2 vs kingLear_chapter4:	0.0 | 0.0
kingLear_chapter2 vs kingLear_chapter5:	0.0 | 0.0
kingLear_chapter2 vs othello_chapter1:	0.0 | 0.0
kingLear_chapter2 vs othello_chapter2:	0.0 | 0.0
kingLear_chapter2 vs othello_chapter3:	0.0 | 0.0
kingLear_chapter2 vs othello_chapter4:	0.0 | 0.0
kingLear_chapter2 vs othello_chapter5:	0.0 | 0.0
kingLear_chapter2 vs romeoJuliet_chapter1:	0.0 | 0.0
kingLear_chapter2 vs romeoJuliet_chapter2:	0.0 | 0.0
kingLear_chapter2 vs romeoJuliet_chapter3:	0.0 | 0.0
kingLear_chapter2 vs romeoJuliet_chapter4:	0.0 | 0.0
kingLear_chapter2 vs romeoJuliet_chapter5:	0.0 | 0.0
kingLear_chapter2 vs romeoJuliet_prologue:	0.0 | 0.0
kingLear_chapter2 vs ulysses_chapter1:	0.0 | 0.0
kingLear_chapter2 vs ulysses_chapter2:	0.0 | 0.0
kingLear_chapter2 vs ulysses_chapter3:	0.0 | 0.0
kingLear_chapter3 vs kingLear_chapter3:	1.0 | 1.0
kingLear_chapter3 vs kingLear_chapter4:	0.0 | 8.812902088657794e-05
kingLear_chapter3 vs kingLear_chapter5:	0.0 | 0.0
kingLear_chapter3 vs othello_chapter1:	0.0 | 0.0
kingLear_chapter3 vs othello_chapter2:	0.0 | 0.0
kingLear_chapter3 vs othello_chapter3:	0.0 | 0.0
kingLear_chapter3 vs othello_chapter4:	0.0 | 0.0
kingLear_chapter3 vs othello_chapter5:	0.0 | 0.0
kingLear_chapter3 vs romeoJuliet_chapter1:	0.0 | 0.0
kingLear_chapter3 vs romeoJuliet_chapter2:	0.0 | 0.0
kingLear_chapter3 vs romeoJuliet_chapter3:	0.0 | 0.0
kingLear_chapter3 vs romeoJuliet_chapter4:	0.0 | 0.0
kingLear_chapter3 vs romeoJuliet_chapter5:	0.0 | 0.0
kingLear_chapter3 vs romeoJuliet_prologue:	0.0 | 0.0
kingLear_chapter3 vs ulysses_chapter1:	0.0 | 0.0
kingLear_chapter3 vs ulysses_chapter2:	0.0 | 0.0
kingLear_chapter3 vs ulysses_chapter3:	0.0 | 0.0
kingLear_chapter4 vs kingLear_chapter4:	1.0 | 1.0
kingLear_chapter4 vs kingLear_chapter5:	0.0 | 0.0
kingLear_chapter4 vs othello_chapter1:	0.0 | 0.0
kingLear_chapter4 vs othello_chapter2:	0.0 | 0.0
kingLear_chapter4 vs othello_chapter3:	0.0 | 0.0
kingLear_chapter4 vs othello_chapter4:	0.0 | 0.0
kingLear_chapter4 vs othello_chapter5:	0.0 | 0.0
kingLear_chapter4 vs romeoJuliet_chapter1:	0.0 | 0.0
kingLear_chapter4 vs romeoJuliet_chapter2:	0.0 | 0.0
kingLear_chapter4 vs romeoJuliet_chapter3:	0.0 | 0.0
kingLear_chapter4 vs romeoJuliet_chapter4:	0.0 | 0.0
kingLear_chapter4 vs romeoJuliet_chapter5:	0.0 | 0.0
kingLear_chapter4 vs romeoJuliet_prologue:	0.0 | 0.0
kingLear_chapter4 vs ulysses_chapter1:	0.0 | 0.0
kingLear_chapter4 vs ulysses_chapter2:	0.0 | 0.0
kingLear_chapter4 vs ulysses_chapter3:	0.0 | 0.0
kingLear_chapter5 vs kingLear_chapter5:	1.0 | 1.0
kingLear_chapter5 vs othello_chapter1:	0.0 | 0.0
kingLear_chapter5 vs othello_chapter2:	0.0 | 0.0
kingLear_chapter5 vs othello_chapter3:	0.0 | 0.0
kingLear_chapter5 vs othello_chapter4:	0.0 | 0.0
kingLear_chapter5 vs othello_chapter5:	0.0 | 0.0
kingLear_chapter5 vs romeoJuliet_chapter1:	0.0 | 0.0
kingLear_chapter5 vs romeoJuliet_chapter2:	0.0 | 0.0
kingLear_chapter5 vs romeoJuliet_chapter3:	0.0 | 0.0
kingLear_chapter5 vs romeoJuliet_chapter4:	0.0 | 0.0
kingLear_chapter5 vs romeoJuliet_chapter5:	0.0 | 0.0
kingLear_chapter5 vs romeoJuliet_prologue:	0.0 | 0.0
kingLear_chapter5 vs ulysses_chapter1:	0.0 | 0.0
kingLear_chapter5 vs ulysses_chapter2:	0.0 | 0.0
kingLear_chapter5 vs ulysses_chapter3:	0.0 | 0.0
othello_chapter1 vs othello_chapter1:	1.0 | 1.0
othello_chapter1 vs othello_chapter2:	0.0 | 0.0
othello_chapter1 vs othello_chapter3:	0.0 | 0.0
othello_chapter1 vs othello_chapter4:	0.0 | 0.0
othello_chapter1 vs othello_chapter5:	0.0 | 0.0
othello_chapter1 vs romeoJuliet_chapter1:	0.0 | 0.0
othello_chapter1 vs romeoJuliet_chapter2:	0.0 | 0.0
othello_chapter1 vs romeoJuliet_chapter3:	0.0 | 0.0
othello_chapter1 vs romeoJuliet_chapter4:	0.0 | 0.0
othello_chapter1 vs romeoJuliet_chapter5:	0.0 | 0.0
othello_chapter1 vs romeoJuliet_prologue:	0.0 | 0.0
othello_chapter1 vs ulysses_chapter1:	0.0 | 0.0
othello_chapter1 vs ulysses_chapter2:	0.0 | 0.0
othello_chapter1 vs ulysses_chapter3:	0.0 | 0.0
othello_chapter2 vs othello_chapter2:	1.0 | 1.0
othello_chapter2 vs othello_chapter3:	0.0 | 0.0
othello_chapter2 vs othello_chapter4:	0.0 | 0.0001725625539257981
othello_chapter2 vs othello_chapter5:	0.0 | 0.0
othello_chapter2 vs romeoJuliet_chapter1:	0.0 | 0.0
othello_chapter2 vs romeoJuliet_chapter2:	0.0 | 0.0
othello_chapter2 vs romeoJuliet_chapter3:	0.0 | 0.0
othello_chapter2 vs romeoJuliet_chapter4:	0.0 | 0.0
othello_chapter2 vs romeoJuliet_chapter5:	0.0 | 0.0
othello_chapter2 vs romeoJuliet_prologue:	0.0 | 0.0
othello_chapter2 vs ulysses_chapter1:	0.0 | 0.0
othello_chapter2 vs ulysses_chapter2:	0.0 | 0.0
othello_chapter2 vs ulysses_chapter3:	0.0 | 0.0
othello_chapter3 vs othello_chapter3:	1.0 | 1.0
othello_chapter3 vs othello_chapter4:	0.0 | 0.0004985044865403788
othello_chapter3 vs othello_chapter5:	0.0 | 0.0
othello_chapter3 vs romeoJuliet_chapter1:	0.0 | 0.0
othello_chapter3 vs romeoJuliet_chapter2:	0.0 | 0.0
othello_chapter3 vs romeoJuliet_chapter3:	0.0 | 0.0
othello_chapter3 vs romeoJuliet_chapter4:	0.0 | 0.0
othello_chapter3 vs romeoJuliet_chapter5:	0.0 | 0.0
othello_chapter3 vs romeoJuliet_prologue:	0.0 | 0.0
othello_chapter3 vs ulysses_chapter1:	0.0 | 0.0
othello_chapter3 vs ulysses_chapter2:	0.0 | 1.5994625805729276e-05
othello_chapter3 vs ulysses_chapter3:	0.0 | 0.0
othello_chapter4 vs othello_chapter4:	1.0 | 1.0
othello_chapter4 vs othello_chapter5:	0.0 | 0.0
othello_chapter4 vs romeoJuliet_chapter1:	0.0 | 0.0
othello_chapter4 vs romeoJuliet_chapter2:	0.0 | 0.0
othello_chapter4 vs romeoJuliet_chapter3:	0.0 | 0.0
othello_chapter4 vs romeoJuliet_chapter4:	0.0 | 0.0
othello_chapter4 vs romeoJuliet_chapter5:	0.0 | 0.0
othello_chapter4 vs romeoJuliet_prologue:	0.0 | 0.0
othello_chapter4 vs ulysses_chapter1:	0.0 | 0.0
othello_chapter4 vs ulysses_chapter2:	0.0 | 0.0
othello_chapter4 vs ulysses_chapter3:	0.0 | 0.0
othello_chapter5 vs othello_chapter5:	1.0 | 1.0
othello_chapter5 vs romeoJuliet_chapter1:	0.0 | 0.0
othello_chapter5 vs romeoJuliet_chapter2:	0.0 | 0.0
othello_chapter5 vs romeoJuliet_chapter3:	0.0 | 0.0
othello_chapter5 vs romeoJuliet_chapter4:	0.0 | 0.0
othello_chapter5 vs romeoJuliet_chapter5:	0.0 | 0.0
othello_chapter5 vs romeoJuliet_prologue:	0.0 | 0.0
othello_chapter5 vs ulysses_chapter1:	0.0 | 0.0
othello_chapter5 vs ulysses_chapter2:	0.0 | 0.0
othello_chapter5 vs ulysses_chapter3:	0.0 | 0.0
romeoJuliet_chapter1 vs romeoJuliet_chapter1:	1.0 | 1.0
romeoJuliet_chapter1 vs romeoJuliet_chapter2:	0.0 | 0.0
romeoJuliet_chapter1 vs romeoJuliet_chapter3:	0.0 | 0.0
romeoJuliet_chapter1 vs romeoJuliet_chapter4:	0.0 | 0.0
romeoJuliet_chapter1 vs romeoJuliet_chapter5:	0.0 | 0.0
romeoJuliet_chapter1 vs romeoJuliet_prologue:	0.0 | 0.0
romeoJuliet_chapter1 vs ulysses_chapter1:	0.0 | 0.0
romeoJuliet_chapter1 vs ulysses_chapter2:	0.0 | 0.0
romeoJuliet_chapter1 vs ulysses_chapter3:	0.0 | 0.0
romeoJuliet_chapter2 vs romeoJuliet_chapter2:	1.0 | 1.0
romeoJuliet_chapter2 vs romeoJuliet_chapter3:	0.0 | 0.0004723665564478035
romeoJuliet_chapter2 vs romeoJuliet_chapter4:	0.0 | 0.00021473051320592657
romeoJuliet_chapter2 vs romeoJuliet_chapter5:	0.0 | 0.0
romeoJuliet_chapter2 vs romeoJuliet_prologue:	0.0 | 0.0
romeoJuliet_chapter2 vs ulysses_chapter1:	0.0 | 0.0
romeoJuliet_chapter2 vs ulysses_chapter2:	0.0 | 0.0
romeoJuliet_chapter2 vs ulysses_chapter3:	0.0 | 0.0
romeoJuliet_chapter3 vs romeoJuliet_chapter3:	1.0 | 1.0
romeoJuliet_chapter3 vs romeoJuliet_chapter4:	0.0 | 9.501187648456056e-05
romeoJuliet_chapter3 vs romeoJuliet_chapter5:	0.0 | 0.0
romeoJuliet_chapter3 vs romeoJuliet_prologue:	0.0 | 0.0
romeoJuliet_chapter3 vs ulysses_chapter1:	0.0 | 0.0
romeoJuliet_chapter3 vs ulysses_chapter2:	0.0 | 0.0
romeoJuliet_chapter3 vs ulysses_chapter3:	0.0 | 0.0
romeoJuliet_chapter4 vs romeoJuliet_chapter4:	1.0 | 1.0
romeoJuliet_chapter4 vs romeoJuliet_chapter5:	0.0 | 0.0
romeoJuliet_chapter4 vs romeoJuliet_prologue:	0.0 | 0.0
romeoJuliet_chapter4 vs ulysses_chapter1:	0.0 | 0.0
romeoJuliet_chapter4 vs ulysses_chapter2:	0.0 | 0.0
romeoJuliet_chapter4 vs ulysses_chapter3:	0.0 | 0.0
romeoJuliet_chapter5 vs romeoJuliet_chapter5:	1.0 | 1.0
romeoJuliet_chapter5 vs romeoJuliet_prologue:	0.0 | 0.0
romeoJuliet_chapter5 vs ulysses_chapter1:	0.0 | 0.0
romeoJuliet_chapter5 vs ulysses_chapter2:	0.0 | 0.0
romeoJuliet_chapter5 vs ulysses_chapter3:	0.0 | 0.0
romeoJuliet_prologue vs romeoJuliet_prologue:	1.0 | 1.0
romeoJuliet_prologue vs ulysses_chapter1:	0.0 | 0.0
romeoJuliet_prologue vs ulysses_chapter2:	0.0 | 0.0
romeoJuliet_prologue vs ulysses_chapter3:	0.0 | 0.0
ulysses_chapter1 vs ulysses_chapter1:	1.0 | 1.0
ulysses_chapter1 vs ulysses_chapter2:	0.0 | 0.00026188689507904454
ulysses_chapter1 vs ulysses_chapter3:	0.0 | 2.2849830911251256e-05
ulysses_chapter2 vs ulysses_chapter2:	1.0 | 1.0
ulysses_chapter2 vs ulysses_chapter3:	0.0 | 0.00023112450039251316
ulysses_chapter3 vs ulysses_chapter3:	1.0 | 1.0
