Jaccard
Opening and cleaning files...
Getting k-grams...
Getting minHashes...
Calculating empirical...
Calculating theoretical...
['hamlet_chapter1', 'hamlet_chapter2', 'hamlet_chapter3', 'hamlet_chapter4', 'hamlet_chapter5', 'kingLear_chapter1', 'kingLear_chapter2', 'kingLear_chapter3', 'kingLear_chapter4', 'kingLear_chapter5', 'othello_chapter1', 'othello_chapter2', 'othello_chapter3', 'othello_chapter4', 'othello_chapter5', 'romeoJuliet_chapter1', 'romeoJuliet_chapter2', 'romeoJuliet_chapter3', 'romeoJuliet_chapter4', 'romeoJuliet_chapter5', 'romeoJuliet_prologue', 'ulysses_chapter1', 'ulysses_chapter2', 'ulysses_chapter3']
Comparison: empirical | theoretical | sanity-check
hamlet_chapter1 vs hamlet_chapter1:     1.0 | 1.0 | 1.0
hamlet_chapter1 vs hamlet_chapter2:     0.09375 | 0.12030437074557081 | 0.90625
hamlet_chapter1 vs hamlet_chapter3:     0.12890625 | 0.12375697432624405 | 0.96875
hamlet_chapter1 vs hamlet_chapter4:     0.10546875 | 0.11591220850480109 | 0.9411764705882353
hamlet_chapter1 vs hamlet_chapter5:     0.12890625 | 0.11636714177511534 | 0.9375
hamlet_chapter1 vs kingLear_chapter1:   0.109375 | 0.11064581023935624 | 0.84375
hamlet_chapter1 vs kingLear_chapter2:   0.09375 | 0.09865127919911013 | 0.84375
hamlet_chapter1 vs kingLear_chapter3:   0.06640625 | 0.09677797855114637 | 0.9375
hamlet_chapter1 vs kingLear_chapter4:   0.1171875 | 0.0975350710271275 | 0.84375
hamlet_chapter1 vs kingLear_chapter5:   0.07421875 | 0.08743198128335217 | 0.84375
hamlet_chapter1 vs othello_chapter1:    0.12109375 | 0.10452104859450435 | 0.84375
hamlet_chapter1 vs othello_chapter2:    0.12109375 | 0.10425870691395124 | 0.84375
hamlet_chapter1 vs othello_chapter3:    0.12109375 | 0.10782636105732427 | 0.84375
hamlet_chapter1 vs othello_chapter4:    0.09375 | 0.09766454352441614 | 0.84375
hamlet_chapter1 vs othello_chapter5:    0.09375 | 0.08456454617367118 | 0.84375
hamlet_chapter1 vs romeoJuliet_chapter1:        0.10546875 | 0.0951706093971438 | 0.9375
hamlet_chapter1 vs romeoJuliet_chapter2:        0.09765625 | 0.09321799307958477 | 0.84375
hamlet_chapter1 vs romeoJuliet_chapter3:        0.125 | 0.09861992113835076 | 0.84375
hamlet_chapter1 vs romeoJuliet_chapter4:        0.10546875 | 0.0819295351918449 | 0.9375
hamlet_chapter1 vs romeoJuliet_chapter5:        0.0625 | 0.08118587291957903 | 0.875
hamlet_chapter1 vs romeoJuliet_prologue:        0.0 | 0.005978462681024879 | 0.75
hamlet_chapter1 vs ulysses_chapter1:    0.05078125 | 0.07867860450756406 | 0.8108108108108109
hamlet_chapter1 vs ulysses_chapter2:    0.0546875 | 0.03987235672465167 | 0.8648648648648649
hamlet_chapter1 vs ulysses_chapter3:    0.03515625 | 0.05625953361315215 | 0.8648648648648649
hamlet_chapter2 vs hamlet_chapter2:     1.0 | 1.0 | 1.0
hamlet_chapter2 vs hamlet_chapter3:     0.1015625 | 0.12572062084257207 | 0.9354838709677419
hamlet_chapter2 vs hamlet_chapter4:     0.08203125 | 0.11301870813765494 | 0.8529411764705882
hamlet_chapter2 vs hamlet_chapter5:     0.0859375 | 0.1095517437687186 | 0.9666666666666667
hamlet_chapter2 vs kingLear_chapter1:   0.09375 | 0.10860795767662294 | 0.9310344827586207
hamlet_chapter2 vs kingLear_chapter2:   0.10546875 | 0.09918563900864785 | 0.9310344827586207
hamlet_chapter2 vs kingLear_chapter3:   0.0703125 | 0.09082361312291937 | 0.9666666666666667
hamlet_chapter2 vs kingLear_chapter4:   0.08984375 | 0.09739730623592005 | 0.9310344827586207
hamlet_chapter2 vs kingLear_chapter5:   0.0859375 | 0.08666087962962964 | 0.9310344827586207
hamlet_chapter2 vs othello_chapter1:    0.08203125 | 0.10394659624413145 | 0.9310344827586207
hamlet_chapter2 vs othello_chapter2:    0.1015625 | 0.10662346836861465 | 0.9310344827586207
hamlet_chapter2 vs othello_chapter3:    0.0859375 | 0.1081787109375 | 0.9310344827586207
hamlet_chapter2 vs othello_chapter4:    0.0859375 | 0.10058940121009806 | 0.9310344827586207
hamlet_chapter2 vs othello_chapter5:    0.08984375 | 0.08511891406775858 | 0.9310344827586207
hamlet_chapter2 vs romeoJuliet_chapter1:        0.06640625 | 0.09399010134338912 | 0.9666666666666667
hamlet_chapter2 vs romeoJuliet_chapter2:        0.078125 | 0.09089316110944227 | 0.9310344827586207
hamlet_chapter2 vs romeoJuliet_chapter3:        0.09765625 | 0.09240331491712707 | 0.9310344827586207
hamlet_chapter2 vs romeoJuliet_chapter4:        0.06640625 | 0.07657764824837923 | 0.9666666666666667
hamlet_chapter2 vs romeoJuliet_chapter5:        0.04296875 | 0.07652883947185546 | 0.9
hamlet_chapter2 vs romeoJuliet_prologue:        0.0 | 0.006441850410722006 | 0.8275862068965517
hamlet_chapter2 vs ulysses_chapter1:    0.0390625 | 0.07465489958961033 | 0.8285714285714286
hamlet_chapter2 vs ulysses_chapter2:    0.01953125 | 0.035801259132208885 | 0.7837837837837838
hamlet_chapter2 vs ulysses_chapter3:    0.0390625 | 0.05243991260014567 | 0.7837837837837838
hamlet_chapter3 vs hamlet_chapter3:     1.0 | 1.0 | 1.0
hamlet_chapter3 vs hamlet_chapter4:     0.08984375 | 0.12151476368955115 | 0.9117647058823529
hamlet_chapter3 vs hamlet_chapter5:     0.078125 | 0.11953294633757257 | 0.90625
hamlet_chapter3 vs kingLear_chapter1:   0.12109375 | 0.10936323651781114 | 0.8709677419354839
hamlet_chapter3 vs kingLear_chapter2:   0.078125 | 0.10140750670241287 | 0.8709677419354839
hamlet_chapter3 vs kingLear_chapter3:   0.07421875 | 0.09527670788566794 | 0.967741935483871
hamlet_chapter3 vs kingLear_chapter4:   0.1015625 | 0.09929335411284985 | 0.8709677419354839
hamlet_chapter3 vs kingLear_chapter5:   0.08203125 | 0.08811691905217085 | 0.8709677419354839
hamlet_chapter3 vs othello_chapter1:    0.078125 | 0.10630289580749734 | 0.8709677419354839
hamlet_chapter3 vs othello_chapter2:    0.15234375 | 0.10721323545334459 | 0.8709677419354839
hamlet_chapter3 vs othello_chapter3:    0.10546875 | 0.11149060215802298 | 0.8709677419354839
hamlet_chapter3 vs othello_chapter4:    0.109375 | 0.10607494977949156 | 0.8709677419354839
hamlet_chapter3 vs othello_chapter5:    0.0859375 | 0.09054953693467954 | 0.8709677419354839
hamlet_chapter3 vs romeoJuliet_chapter1:        0.1015625 | 0.09682442812348745 | 0.967741935483871
hamlet_chapter3 vs romeoJuliet_chapter2:        0.1171875 | 0.09481705285139848 | 0.8709677419354839
hamlet_chapter3 vs romeoJuliet_chapter3:        0.1171875 | 0.10099420049710024 | 0.8709677419354839
hamlet_chapter3 vs romeoJuliet_chapter4:        0.07421875 | 0.08231738815993388 | 0.967741935483871
hamlet_chapter3 vs romeoJuliet_chapter5:        0.08203125 | 0.0783061332260417 | 0.9032258064516129
hamlet_chapter3 vs romeoJuliet_prologue:        0.00390625 | 0.006075123238214261 | 0.7741935483870968
hamlet_chapter3 vs ulysses_chapter1:    0.06640625 | 0.079385047113326 | 0.8333333333333334
hamlet_chapter3 vs ulysses_chapter2:    0.0546875 | 0.04234101643258322 | 0.8378378378378378
hamlet_chapter3 vs ulysses_chapter3:    0.0546875 | 0.059433368518601114 | 0.8378378378378378
hamlet_chapter4 vs hamlet_chapter4:     1.0 | 1.0 | 1.0
hamlet_chapter4 vs hamlet_chapter5:     0.078125 | 0.11594090403373955 | 0.8823529411764706
hamlet_chapter4 vs kingLear_chapter1:   0.09375 | 0.1042059578722534 | 0.7941176470588235
hamlet_chapter4 vs kingLear_chapter2:   0.08984375 | 0.09757694826457106 | 0.7941176470588235
hamlet_chapter4 vs kingLear_chapter3:   0.078125 | 0.09242183359830419 | 0.8823529411764706
hamlet_chapter4 vs kingLear_chapter4:   0.08203125 | 0.09837086488640893 | 0.7941176470588235
hamlet_chapter4 vs kingLear_chapter5:   0.05859375 | 0.08927974725842219 | 0.7941176470588235
hamlet_chapter4 vs othello_chapter1:    0.06640625 | 0.10405285224240884 | 0.7941176470588235
hamlet_chapter4 vs othello_chapter2:    0.09765625 | 0.10300905490957701 | 0.7941176470588235
hamlet_chapter4 vs othello_chapter3:    0.10546875 | 0.10408085912823753 | 0.7941176470588235
hamlet_chapter4 vs othello_chapter4:    0.0859375 | 0.09787764616593934 | 0.7941176470588235
hamlet_chapter4 vs othello_chapter5:    0.08203125 | 0.08825086780020004 | 0.7941176470588235
hamlet_chapter4 vs romeoJuliet_chapter1:        0.0625 | 0.09382414088296441 | 0.8823529411764706
hamlet_chapter4 vs romeoJuliet_chapter2:        0.09765625 | 0.09403897393030668 | 0.7941176470588235
hamlet_chapter4 vs romeoJuliet_chapter3:        0.08984375 | 0.09568736380833792 | 0.7941176470588235
hamlet_chapter4 vs romeoJuliet_chapter4:        0.08203125 | 0.08315805995919008 | 0.8823529411764706
hamlet_chapter4 vs romeoJuliet_chapter5:        0.0703125 | 0.08094440213252095 | 0.8235294117647058
hamlet_chapter4 vs romeoJuliet_prologue:        0.00390625 | 0.007186858316221766 | 0.7058823529411765
hamlet_chapter4 vs ulysses_chapter1:    0.05859375 | 0.07049236082042695 | 0.8648648648648649
hamlet_chapter4 vs ulysses_chapter2:    0.01953125 | 0.03271766092879009 | 0.918918918918919
hamlet_chapter4 vs ulysses_chapter3:    0.04296875 | 0.047597535100453794 | 0.918918918918919
hamlet_chapter5 vs hamlet_chapter5:     1.0 | 1.0 | 1.0
hamlet_chapter5 vs kingLear_chapter1:   0.1015625 | 0.10142599357422649 | 0.9
hamlet_chapter5 vs kingLear_chapter2:   0.09765625 | 0.09459971218662425 | 0.9
hamlet_chapter5 vs kingLear_chapter3:   0.08984375 | 0.08923877816622859 | 0.9354838709677419
hamlet_chapter5 vs kingLear_chapter4:   0.109375 | 0.09619272237196766 | 0.9
hamlet_chapter5 vs kingLear_chapter5:   0.078125 | 0.0861933455593398 | 0.9
hamlet_chapter5 vs othello_chapter1:    0.078125 | 0.10074517109520541 | 0.9
hamlet_chapter5 vs othello_chapter2:    0.09765625 | 0.1022563727283815 | 0.9
hamlet_chapter5 vs othello_chapter3:    0.09765625 | 0.1024833345542451 | 0.9
hamlet_chapter5 vs othello_chapter4:    0.0859375 | 0.09630558603751894 | 0.9
hamlet_chapter5 vs othello_chapter5:    0.08984375 | 0.08471802973453324 | 0.9
hamlet_chapter5 vs romeoJuliet_chapter1:        0.0859375 | 0.0904432427326611 | 0.9354838709677419
hamlet_chapter5 vs romeoJuliet_chapter2:        0.1015625 | 0.09001735456123142 | 0.9
hamlet_chapter5 vs romeoJuliet_chapter3:        0.1171875 | 0.09423598396180499 | 0.9
hamlet_chapter5 vs romeoJuliet_chapter4:        0.0859375 | 0.08264338401324703 | 0.9354838709677419
hamlet_chapter5 vs romeoJuliet_chapter5:        0.08203125 | 0.0824956774023386 | 0.8709677419354839
hamlet_chapter5 vs romeoJuliet_prologue:        0.0 | 0.007257782441413081 | 0.8
hamlet_chapter5 vs ulysses_chapter1:    0.03125 | 0.07210616416315918 | 0.8055555555555556
hamlet_chapter5 vs ulysses_chapter2:    0.0234375 | 0.0346114921848645 | 0.8108108108108109
hamlet_chapter5 vs ulysses_chapter3:    0.02734375 | 0.050641741776656674 | 0.8108108108108109
kingLear_chapter1 vs kingLear_chapter1: 1.0 | 1.0 | 1.0
kingLear_chapter1 vs kingLear_chapter2: 0.12109375 | 0.12514115830471756 | 1.0
kingLear_chapter1 vs kingLear_chapter3: 0.09765625 | 0.11525722094827785 | 0.9
kingLear_chapter1 vs kingLear_chapter4: 0.09375 | 0.11408604498798865 | 1.0
kingLear_chapter1 vs kingLear_chapter5: 0.0859375 | 0.10158623886285215 | 1.0
kingLear_chapter1 vs othello_chapter1:  0.125 | 0.11297450174554775 | 1.0
kingLear_chapter1 vs othello_chapter2:  0.12890625 | 0.10348132978955166 | 1.0
kingLear_chapter1 vs othello_chapter3:  0.11328125 | 0.11273550684811044 | 1.0
kingLear_chapter1 vs othello_chapter4:  0.13671875 | 0.10167719754692436 | 1.0
kingLear_chapter1 vs othello_chapter5:  0.05859375 | 0.08665528419073071 | 1.0
kingLear_chapter1 vs romeoJuliet_chapter1:      0.08984375 | 0.09757497183906824 | 0.9
kingLear_chapter1 vs romeoJuliet_chapter2:      0.1171875 | 0.09701710612088925 | 1.0
kingLear_chapter1 vs romeoJuliet_chapter3:      0.1015625 | 0.10331971934233951 | 1.0
kingLear_chapter1 vs romeoJuliet_chapter4:      0.09375 | 0.08116925486102049 | 0.9
kingLear_chapter1 vs romeoJuliet_chapter5:      0.0703125 | 0.08135057251421722 | 0.896551724137931
kingLear_chapter1 vs romeoJuliet_prologue:      0.0078125 | 0.006355258976803305 | 0.8888888888888888
kingLear_chapter1 vs ulysses_chapter1:  0.046875 | 0.07423993028659953 | 0.7714285714285715
kingLear_chapter1 vs ulysses_chapter2:  0.0390625 | 0.04001636255454185 | 0.7297297297297297
kingLear_chapter1 vs ulysses_chapter3:  0.05078125 | 0.05665611516493533 | 0.7297297297297297
kingLear_chapter2 vs kingLear_chapter2: 1.0 | 1.0 | 1.0
kingLear_chapter2 vs kingLear_chapter3: 0.11328125 | 0.11196351931330473 | 0.9
kingLear_chapter2 vs kingLear_chapter4: 0.09765625 | 0.11000075137125254 | 1.0
kingLear_chapter2 vs kingLear_chapter5: 0.08984375 | 0.10102828547890032 | 1.0
kingLear_chapter2 vs othello_chapter1:  0.09375 | 0.10117741976149056 | 1.0
kingLear_chapter2 vs othello_chapter2:  0.0625 | 0.09580196440145584 | 1.0
kingLear_chapter2 vs othello_chapter3:  0.10546875 | 0.10476669601308011 | 1.0
kingLear_chapter2 vs othello_chapter4:  0.08984375 | 0.09980018361505644 | 1.0
kingLear_chapter2 vs othello_chapter5:  0.06640625 | 0.08516283273564827 | 1.0
kingLear_chapter2 vs romeoJuliet_chapter1:      0.08203125 | 0.09134393589899235 | 0.9
kingLear_chapter2 vs romeoJuliet_chapter2:      0.08203125 | 0.08969515035453651 | 1.0
kingLear_chapter2 vs romeoJuliet_chapter3:      0.1015625 | 0.09397378250422288 | 1.0
kingLear_chapter2 vs romeoJuliet_chapter4:      0.07421875 | 0.08230234659852285 | 0.9
kingLear_chapter2 vs romeoJuliet_chapter5:      0.07421875 | 0.08088146264680954 | 0.896551724137931
kingLear_chapter2 vs romeoJuliet_prologue:      0.0 | 0.007251397164103275 | 0.8888888888888888
kingLear_chapter2 vs ulysses_chapter1:  0.046875 | 0.06544883280101789 | 0.7714285714285715
kingLear_chapter2 vs ulysses_chapter2:  0.04296875 | 0.03054132590395734 | 0.7297297297297297
kingLear_chapter2 vs ulysses_chapter3:  0.03125 | 0.0436748281244475 | 0.7297297297297297
kingLear_chapter3 vs kingLear_chapter3: 1.0 | 1.0 | 1.0
kingLear_chapter3 vs kingLear_chapter4: 0.109375 | 0.10888950992098778 | 0.9
kingLear_chapter3 vs kingLear_chapter5: 0.07421875 | 0.09689010035931112 | 0.9
kingLear_chapter3 vs othello_chapter1:  0.1015625 | 0.09310897028545284 | 0.9
kingLear_chapter3 vs othello_chapter2:  0.08203125 | 0.09164964313636478 | 0.9
kingLear_chapter3 vs othello_chapter3:  0.10546875 | 0.09496923816998759 | 0.9
kingLear_chapter3 vs othello_chapter4:  0.0859375 | 0.08776407972628035 | 0.9
kingLear_chapter3 vs othello_chapter5:  0.07421875 | 0.08402788076523802 | 0.9
kingLear_chapter3 vs romeoJuliet_chapter1:      0.078125 | 0.08858674272226594 | 1.0
kingLear_chapter3 vs romeoJuliet_chapter2:      0.0859375 | 0.08687440982058546 | 0.9
kingLear_chapter3 vs romeoJuliet_chapter3:      0.09765625 | 0.0909638119086028 | 0.9
kingLear_chapter3 vs romeoJuliet_chapter4:      0.0703125 | 0.07764839893684344 | 1.0
kingLear_chapter3 vs romeoJuliet_chapter5:      0.0546875 | 0.07862816329043779 | 0.9333333333333333
kingLear_chapter3 vs romeoJuliet_prologue:      0.00390625 | 0.0061887079881938496 | 0.8
kingLear_chapter3 vs ulysses_chapter1:  0.03125 | 0.06339251884660108 | 0.8055555555555556
kingLear_chapter3 vs ulysses_chapter2:  0.00390625 | 0.029825236507928576 | 0.8108108108108109
kingLear_chapter3 vs ulysses_chapter3:  0.02734375 | 0.04183277009935852 | 0.8108108108108109
kingLear_chapter4 vs kingLear_chapter4: 1.0 | 1.0 | 1.0
kingLear_chapter4 vs kingLear_chapter5: 0.078125 | 0.1003248339897088 | 1.0
kingLear_chapter4 vs othello_chapter1:  0.0859375 | 0.10060946348018043 | 1.0
kingLear_chapter4 vs othello_chapter2:  0.1015625 | 0.09758127809356197 | 1.0
kingLear_chapter4 vs othello_chapter3:  0.0625 | 0.0982161994808164 | 1.0
kingLear_chapter4 vs othello_chapter4:  0.078125 | 0.09514211358881461 | 1.0
kingLear_chapter4 vs othello_chapter5:  0.0625 | 0.08405534009956817 | 1.0
kingLear_chapter4 vs romeoJuliet_chapter1:      0.07421875 | 0.08923702574056103 | 0.9
kingLear_chapter4 vs romeoJuliet_chapter2:      0.07421875 | 0.0897618813342517 | 1.0
kingLear_chapter4 vs romeoJuliet_chapter3:      0.09765625 | 0.09565612917898567 | 1.0
kingLear_chapter4 vs romeoJuliet_chapter4:      0.07421875 | 0.07772913018096907 | 0.9
kingLear_chapter4 vs romeoJuliet_chapter5:      0.07421875 | 0.08396968396968398 | 0.896551724137931
kingLear_chapter4 vs romeoJuliet_prologue:      0.00390625 | 0.005235382811191154 | 0.8888888888888888
kingLear_chapter4 vs ulysses_chapter1:  0.03515625 | 0.07014847649651354 | 0.7714285714285715
kingLear_chapter4 vs ulysses_chapter2:  0.01953125 | 0.03373728064166594 | 0.7297297297297297
kingLear_chapter4 vs ulysses_chapter3:  0.04296875 | 0.04700968274105312 | 0.7297297297297297
kingLear_chapter5 vs kingLear_chapter5: 1.0 | 1.0 | 1.0
kingLear_chapter5 vs othello_chapter1:  0.07421875 | 0.08913584534352029 | 1.0
kingLear_chapter5 vs othello_chapter2:  0.09765625 | 0.08726198669419592 | 1.0
kingLear_chapter5 vs othello_chapter3:  0.078125 | 0.09117621640307666 | 1.0
kingLear_chapter5 vs othello_chapter4:  0.0625 | 0.08481361020765574 | 1.0
kingLear_chapter5 vs othello_chapter5:  0.0859375 | 0.08520710059171598 | 1.0
kingLear_chapter5 vs romeoJuliet_chapter1:      0.0625 | 0.07952495907211632 | 0.9
kingLear_chapter5 vs romeoJuliet_chapter2:      0.07421875 | 0.08221808797935545 | 1.0
kingLear_chapter5 vs romeoJuliet_chapter3:      0.08203125 | 0.08597297370782239 | 1.0
kingLear_chapter5 vs romeoJuliet_chapter4:      0.0859375 | 0.07805043027319529 | 0.9
kingLear_chapter5 vs romeoJuliet_chapter5:      0.046875 | 0.07567351970702346 | 0.896551724137931
kingLear_chapter5 vs romeoJuliet_prologue:      0.0 | 0.007862941890941635 | 0.8888888888888888
kingLear_chapter5 vs ulysses_chapter1:  0.03125 | 0.05436817797256626 | 0.7714285714285715
kingLear_chapter5 vs ulysses_chapter2:  0.0078125 | 0.022847630495023613 | 0.7297297297297297
kingLear_chapter5 vs ulysses_chapter3:  0.015625 | 0.033546844483837227 | 0.7297297297297297
othello_chapter1 vs othello_chapter1:   1.0 | 1.0 | 1.0
othello_chapter1 vs othello_chapter2:   0.10546875 | 0.11588730045854687 | 1.0
othello_chapter1 vs othello_chapter3:   0.1015625 | 0.12003350001231618 | 1.0
othello_chapter1 vs othello_chapter4:   0.09375 | 0.11280728536084644 | 1.0
othello_chapter1 vs othello_chapter5:   0.0546875 | 0.0945793337097685 | 1.0
othello_chapter1 vs romeoJuliet_chapter1:       0.09375 | 0.09554215164224118 | 0.9
othello_chapter1 vs romeoJuliet_chapter2:       0.078125 | 0.0931170034302311 | 1.0
othello_chapter1 vs romeoJuliet_chapter3:       0.09375 | 0.09694913689651989 | 1.0
othello_chapter1 vs romeoJuliet_chapter4:       0.0703125 | 0.08150002980981338 | 0.9
othello_chapter1 vs romeoJuliet_chapter5:       0.046875 | 0.08116421461942486 | 0.896551724137931
othello_chapter1 vs romeoJuliet_prologue:       0.0 | 0.007331378299120235 | 0.8888888888888888
othello_chapter1 vs ulysses_chapter1:   0.04296875 | 0.06958924436826014 | 0.7714285714285715
othello_chapter1 vs ulysses_chapter2:   0.01953125 | 0.03395392128239871 | 0.7297297297297297
othello_chapter1 vs ulysses_chapter3:   0.03515625 | 0.05046982710766156 | 0.7297297297297297
othello_chapter2 vs othello_chapter2:   1.0 | 1.0 | 1.0
othello_chapter2 vs othello_chapter3:   0.14453125 | 0.12520905066404328 | 1.0
othello_chapter2 vs othello_chapter4:   0.1015625 | 0.11620771046420142 | 1.0
othello_chapter2 vs othello_chapter5:   0.09375 | 0.10213930909911945 | 1.0
othello_chapter2 vs romeoJuliet_chapter1:       0.1015625 | 0.09378726588257301 | 0.9
othello_chapter2 vs romeoJuliet_chapter2:       0.12109375 | 0.09281965826846071 | 1.0
othello_chapter2 vs romeoJuliet_chapter3:       0.11328125 | 0.09833919095858315 | 1.0
othello_chapter2 vs romeoJuliet_chapter4:       0.09375 | 0.07938710439300897 | 0.9
othello_chapter2 vs romeoJuliet_chapter5:       0.08203125 | 0.07746842709529277 | 0.896551724137931
othello_chapter2 vs romeoJuliet_prologue:       0.0 | 0.006728844597759891 | 0.8888888888888888
othello_chapter2 vs ulysses_chapter1:   0.03515625 | 0.06961266797562282 | 0.7714285714285715
othello_chapter2 vs ulysses_chapter2:   0.02734375 | 0.03452087195391229 | 0.7297297297297297
othello_chapter2 vs ulysses_chapter3:   0.0546875 | 0.05059954334907586 | 0.7297297297297297
othello_chapter3 vs othello_chapter3:   1.0 | 1.0 | 1.0
othello_chapter3 vs othello_chapter4:   0.12109375 | 0.13566926610404872 | 1.0
othello_chapter3 vs othello_chapter5:   0.12109375 | 0.11564197883900486 | 1.0
othello_chapter3 vs romeoJuliet_chapter1:       0.09375 | 0.09635728191776323 | 0.9
othello_chapter3 vs romeoJuliet_chapter2:       0.12890625 | 0.09884113833754661 | 1.0
othello_chapter3 vs romeoJuliet_chapter3:       0.11328125 | 0.10204599451018384 | 1.0
othello_chapter3 vs romeoJuliet_chapter4:       0.078125 | 0.08579582614899815 | 0.9
othello_chapter3 vs romeoJuliet_chapter5:       0.07421875 | 0.08096734211512409 | 0.896551724137931
othello_chapter3 vs romeoJuliet_prologue:       0.0 | 0.005410010649627263 | 0.8888888888888888
othello_chapter3 vs ulysses_chapter1:   0.05078125 | 0.0682012152401819 | 0.7714285714285715
othello_chapter3 vs ulysses_chapter2:   0.04296875 | 0.03385591350122063 | 0.7297297297297297
othello_chapter3 vs ulysses_chapter3:   0.046875 | 0.0490858385518394 | 0.7297297297297297
othello_chapter4 vs othello_chapter4:   1.0 | 1.0 | 1.0
othello_chapter4 vs othello_chapter5:   0.109375 | 0.1129959300338646 | 1.0
othello_chapter4 vs romeoJuliet_chapter1:       0.0859375 | 0.0903014219907871 | 0.9
othello_chapter4 vs romeoJuliet_chapter2:       0.09375 | 0.09393809114359415 | 1.0
othello_chapter4 vs romeoJuliet_chapter3:       0.08984375 | 0.09577291717866798 | 1.0
othello_chapter4 vs romeoJuliet_chapter4:       0.0703125 | 0.08132481266422292 | 0.9
othello_chapter4 vs romeoJuliet_chapter5:       0.0703125 | 0.07865451116001257 | 0.896551724137931
othello_chapter4 vs romeoJuliet_prologue:       0.0 | 0.0059136605558840925 | 0.8888888888888888
othello_chapter4 vs ulysses_chapter1:   0.0390625 | 0.06493900829064794 | 0.7714285714285715
othello_chapter4 vs ulysses_chapter2:   0.0390625 | 0.029771022937754684 | 0.7297297297297297
othello_chapter4 vs ulysses_chapter3:   0.0390625 | 0.04318894655774539 | 0.7297297297297297
othello_chapter5 vs othello_chapter5:   1.0 | 1.0 | 1.0
othello_chapter5 vs romeoJuliet_chapter1:       0.06640625 | 0.07941771128184391 | 0.9
othello_chapter5 vs romeoJuliet_chapter2:       0.08203125 | 0.08391119398636443 | 1.0
othello_chapter5 vs romeoJuliet_chapter3:       0.0859375 | 0.09168947830015681 | 1.0
othello_chapter5 vs romeoJuliet_chapter4:       0.0625 | 0.07843066353281504 | 0.9
othello_chapter5 vs romeoJuliet_chapter5:       0.0703125 | 0.07872802409469777 | 0.896551724137931
othello_chapter5 vs romeoJuliet_prologue:       0.00390625 | 0.005532750312332679 | 0.8888888888888888
othello_chapter5 vs ulysses_chapter1:   0.0390625 | 0.05244707551287647 | 0.7714285714285715
othello_chapter5 vs ulysses_chapter2:   0.01953125 | 0.023033938944010273 | 0.7297297297297297
othello_chapter5 vs ulysses_chapter3:   0.03125 | 0.03269556669414337 | 0.7297297297297297
romeoJuliet_chapter1 vs romeoJuliet_chapter1:   1.0 | 1.0 | 1.0
romeoJuliet_chapter1 vs romeoJuliet_chapter2:   0.10546875 | 0.10859159099881563 | 0.9
romeoJuliet_chapter1 vs romeoJuliet_chapter3:   0.08984375 | 0.11178440440121193 | 0.9
romeoJuliet_chapter1 vs romeoJuliet_chapter4:   0.0625 | 0.08585391243999768 | 1.0
romeoJuliet_chapter1 vs romeoJuliet_chapter5:   0.06640625 | 0.08492664658012558 | 0.9333333333333333
romeoJuliet_chapter1 vs romeoJuliet_prologue:   0.00390625 | 0.009013068949977467 | 0.8
romeoJuliet_chapter1 vs ulysses_chapter1:       0.05859375 | 0.07113203023458302 | 0.8055555555555556
romeoJuliet_chapter1 vs ulysses_chapter2:       0.03125 | 0.03434828594537423 | 0.8108108108108109
romeoJuliet_chapter1 vs ulysses_chapter3:       0.0546875 | 0.047810120375836776 | 0.8108108108108109
romeoJuliet_chapter2 vs romeoJuliet_chapter2:   1.0 | 1.0 | 1.0
romeoJuliet_chapter2 vs romeoJuliet_chapter3:   0.12109375 | 0.11847868405684252 | 1.0
romeoJuliet_chapter2 vs romeoJuliet_chapter4:   0.1015625 | 0.09054351240967641 | 0.9
romeoJuliet_chapter2 vs romeoJuliet_chapter5:   0.09375 | 0.08804341198707395 | 0.896551724137931
romeoJuliet_chapter2 vs romeoJuliet_prologue:   0.0 | 0.006838554662230848 | 0.8888888888888888
romeoJuliet_chapter2 vs ulysses_chapter1:       0.05078125 | 0.06507685117873092 | 0.7714285714285715
romeoJuliet_chapter2 vs ulysses_chapter2:       0.05078125 | 0.030812912505712338 | 0.7297297297297297
romeoJuliet_chapter2 vs ulysses_chapter3:       0.078125 | 0.04328350671649328 | 0.7297297297297297
romeoJuliet_chapter3 vs romeoJuliet_chapter3:   1.0 | 1.0 | 1.0
romeoJuliet_chapter3 vs romeoJuliet_chapter4:   0.09375 | 0.10182461951400588 | 0.9
romeoJuliet_chapter3 vs romeoJuliet_chapter5:   0.09765625 | 0.09692533754747844 | 0.896551724137931
romeoJuliet_chapter3 vs romeoJuliet_prologue:   0.00390625 | 0.007181539910525076 | 0.8888888888888888
romeoJuliet_chapter3 vs ulysses_chapter1:       0.01953125 | 0.06857697186777106 | 0.7714285714285715
romeoJuliet_chapter3 vs ulysses_chapter2:       0.03515625 | 0.034652899867894355 | 0.7297297297297297
romeoJuliet_chapter3 vs ulysses_chapter3:       0.046875 | 0.04740197371367715 | 0.7297297297297297
romeoJuliet_chapter4 vs romeoJuliet_chapter4:   1.0 | 1.0 | 1.0
romeoJuliet_chapter4 vs romeoJuliet_chapter5:   0.0625 | 0.09152594648777855 | 0.9333333333333333
romeoJuliet_chapter4 vs romeoJuliet_prologue:   0.0 | 0.0068464440407992174 | 0.8
romeoJuliet_chapter4 vs ulysses_chapter1:       0.02734375 | 0.04778142628609918 | 0.8055555555555556
romeoJuliet_chapter4 vs ulysses_chapter2:       0.03515625 | 0.020620866574861726 | 0.8108108108108109
romeoJuliet_chapter4 vs ulysses_chapter3:       0.03515625 | 0.029460705279259168 | 0.8108108108108109
romeoJuliet_chapter5 vs romeoJuliet_chapter5:   1.0 | 1.0 | 1.0
romeoJuliet_chapter5 vs romeoJuliet_prologue:   0.00390625 | 0.00898183963810398 | 0.7931034482758621
romeoJuliet_chapter5 vs ulysses_chapter1:       0.03125 | 0.05185216085433005 | 0.75
romeoJuliet_chapter5 vs ulysses_chapter2:       0.0234375 | 0.02183276549201041 | 0.7567567567567568
romeoJuliet_chapter5 vs ulysses_chapter3:       0.02734375 | 0.03234340111077306 | 0.7567567567567568
romeoJuliet_prologue vs romeoJuliet_prologue:   1.0 | 1.0 | 1.0
romeoJuliet_prologue vs ulysses_chapter1:       0.0 | 0.0033637752283142124 | 0.6857142857142857
romeoJuliet_prologue vs ulysses_chapter2:       0.0 | 0.001201478507309632 | 0.6486486486486487
romeoJuliet_prologue vs ulysses_chapter3:       0.00390625 | 0.0018930939716788838 | 0.6486486486486487
ulysses_chapter1 vs ulysses_chapter1:   1.0 | 1.0 | 1.0
ulysses_chapter1 vs ulysses_chapter2:   0.09765625 | 0.08964204314351247 | 0.9459459459459459
ulysses_chapter1 vs ulysses_chapter3:   0.1015625 | 0.10717124496477023 | 0.9459459459459459
ulysses_chapter2 vs ulysses_chapter2:   1.0 | 1.0 | 1.0
ulysses_chapter2 vs ulysses_chapter3:   0.21875 | 0.18740499859104812 | 1.0
ulysses_chapter3 vs ulysses_chapter3:   1.0 | 1.0 | 1.0
/home/jwit/.local/lib/python3.10/site-packages/sklearn/cluster/_kmeans.py:870: FutureWarning: The default value of `n_init` will change from 10 to 'auto' in 1.4. Set the value of `n_init` explicitly to suppress the warning
  warnings.warn(
['hamlet_chapter1', 'hamlet_chapter3', 'hamlet_chapter4', 'hamlet_chapter5', 'kingLear_chapter1', 'kingLear_chapter2', 'kingLear_chapter3', 'kingLear_chapter4', 'othello_chapter1', 'othello_chapter2', 'othello_chapter3', 'othello_chapter4', 'romeoJuliet_chapter3']
['hamlet_chapter2', 'romeoJuliet_chapter1', 'romeoJuliet_chapter2']
['kingLear_chapter5', 'othello_chapter5']
['romeoJuliet_chapter4']
['romeoJuliet_chapter5']
['romeoJuliet_prologue']
['ulysses_chapter1', 'ulysses_chapter2', 'ulysses_chapter3']
