Jaccard
Opening and cleaning files...
Getting minHashes...
Calculating empirical...
Calculating theoretical...
['hamlet_chapter1', 'hamlet_chapter2', 'hamlet_chapter3', 'hamlet_chapter4', 'hamlet_chapter5', 'kingLear_chapter1', 'kingLear_chapter2', 'kingLear_chapter3', 'kingLear_chapter4', 'kingLear_chapter5', 'othello_chapter1', 'othello_chapter2', 'othello_chapter3', 'othello_chapter4', 'othello_chapter5', 'romeoJuliet_chapter1', 'romeoJuliet_chapter2', 'romeoJuliet_chapter3', 'romeoJuliet_chapter4', 'romeoJuliet_chapter5', 'romeoJuliet_prologue', 'ulysses_chapter1', 'ulysses_chapter2', 'ulysses_chapter3']
hamlet_chapter1 vs hamlet_chapter1:	1.0 | 1.0
hamlet_chapter1 vs hamlet_chapter2:	0.09375 | 0.90625
hamlet_chapter1 vs hamlet_chapter3:	0.12890625 | 0.96875
hamlet_chapter1 vs hamlet_chapter4:	0.10546875 | 0.9411764705882353
hamlet_chapter1 vs hamlet_chapter5:	0.12890625 | 0.9375
hamlet_chapter1 vs kingLear_chapter1:	0.109375 | 0.84375
hamlet_chapter1 vs kingLear_chapter2:	0.09375 | 0.84375
hamlet_chapter1 vs kingLear_chapter3:	0.06640625 | 0.9375
hamlet_chapter1 vs kingLear_chapter4:	0.1171875 | 0.84375
hamlet_chapter1 vs kingLear_chapter5:	0.07421875 | 0.84375
hamlet_chapter1 vs othello_chapter1:	0.12109375 | 0.84375
hamlet_chapter1 vs othello_chapter2:	0.12109375 | 0.84375
hamlet_chapter1 vs othello_chapter3:	0.12109375 | 0.84375
hamlet_chapter1 vs othello_chapter4:	0.09375 | 0.84375
hamlet_chapter1 vs othello_chapter5:	0.09375 | 0.84375
hamlet_chapter1 vs romeoJuliet_chapter1:	0.10546875 | 0.9375
hamlet_chapter1 vs romeoJuliet_chapter2:	0.09765625 | 0.84375
hamlet_chapter1 vs romeoJuliet_chapter3:	0.125 | 0.84375
hamlet_chapter1 vs romeoJuliet_chapter4:	0.10546875 | 0.9375
hamlet_chapter1 vs romeoJuliet_chapter5:	0.0625 | 0.875
hamlet_chapter1 vs romeoJuliet_prologue:	0.0 | 0.75
hamlet_chapter1 vs ulysses_chapter1:	0.05078125 | 0.8108108108108109
hamlet_chapter1 vs ulysses_chapter2:	0.0546875 | 0.8648648648648649
hamlet_chapter1 vs ulysses_chapter3:	0.03515625 | 0.8648648648648649
hamlet_chapter2 vs hamlet_chapter2:	1.0 | 1.0
hamlet_chapter2 vs hamlet_chapter3:	0.1015625 | 0.9354838709677419
hamlet_chapter2 vs hamlet_chapter4:	0.08203125 | 0.8529411764705882
hamlet_chapter2 vs hamlet_chapter5:	0.0859375 | 0.9666666666666667
hamlet_chapter2 vs kingLear_chapter1:	0.09375 | 0.9310344827586207
hamlet_chapter2 vs kingLear_chapter2:	0.10546875 | 0.9310344827586207
hamlet_chapter2 vs kingLear_chapter3:	0.0703125 | 0.9666666666666667
hamlet_chapter2 vs kingLear_chapter4:	0.08984375 | 0.9310344827586207
hamlet_chapter2 vs kingLear_chapter5:	0.0859375 | 0.9310344827586207
hamlet_chapter2 vs othello_chapter1:	0.08203125 | 0.9310344827586207
hamlet_chapter2 vs othello_chapter2:	0.1015625 | 0.9310344827586207
hamlet_chapter2 vs othello_chapter3:	0.0859375 | 0.9310344827586207
hamlet_chapter2 vs othello_chapter4:	0.0859375 | 0.9310344827586207
hamlet_chapter2 vs othello_chapter5:	0.08984375 | 0.9310344827586207
hamlet_chapter2 vs romeoJuliet_chapter1:	0.06640625 | 0.9666666666666667
hamlet_chapter2 vs romeoJuliet_chapter2:	0.078125 | 0.9310344827586207
hamlet_chapter2 vs romeoJuliet_chapter3:	0.09765625 | 0.9310344827586207
hamlet_chapter2 vs romeoJuliet_chapter4:	0.06640625 | 0.9666666666666667
hamlet_chapter2 vs romeoJuliet_chapter5:	0.04296875 | 0.9
hamlet_chapter2 vs romeoJuliet_prologue:	0.0 | 0.8275862068965517
hamlet_chapter2 vs ulysses_chapter1:	0.0390625 | 0.8285714285714286
hamlet_chapter2 vs ulysses_chapter2:	0.01953125 | 0.7837837837837838
hamlet_chapter2 vs ulysses_chapter3:	0.0390625 | 0.7837837837837838
hamlet_chapter3 vs hamlet_chapter3:	1.0 | 1.0
hamlet_chapter3 vs hamlet_chapter4:	0.08984375 | 0.9117647058823529
hamlet_chapter3 vs hamlet_chapter5:	0.078125 | 0.90625
hamlet_chapter3 vs kingLear_chapter1:	0.12109375 | 0.8709677419354839
hamlet_chapter3 vs kingLear_chapter2:	0.078125 | 0.8709677419354839
hamlet_chapter3 vs kingLear_chapter3:	0.07421875 | 0.967741935483871
hamlet_chapter3 vs kingLear_chapter4:	0.1015625 | 0.8709677419354839
hamlet_chapter3 vs kingLear_chapter5:	0.08203125 | 0.8709677419354839
hamlet_chapter3 vs othello_chapter1:	0.078125 | 0.8709677419354839
hamlet_chapter3 vs othello_chapter2:	0.15234375 | 0.8709677419354839
hamlet_chapter3 vs othello_chapter3:	0.10546875 | 0.8709677419354839
hamlet_chapter3 vs othello_chapter4:	0.109375 | 0.8709677419354839
hamlet_chapter3 vs othello_chapter5:	0.0859375 | 0.8709677419354839
hamlet_chapter3 vs romeoJuliet_chapter1:	0.1015625 | 0.967741935483871
hamlet_chapter3 vs romeoJuliet_chapter2:	0.1171875 | 0.8709677419354839
hamlet_chapter3 vs romeoJuliet_chapter3:	0.1171875 | 0.8709677419354839
hamlet_chapter3 vs romeoJuliet_chapter4:	0.07421875 | 0.967741935483871
hamlet_chapter3 vs romeoJuliet_chapter5:	0.08203125 | 0.9032258064516129
hamlet_chapter3 vs romeoJuliet_prologue:	0.00390625 | 0.7741935483870968
hamlet_chapter3 vs ulysses_chapter1:	0.06640625 | 0.8333333333333334
hamlet_chapter3 vs ulysses_chapter2:	0.0546875 | 0.8378378378378378
hamlet_chapter3 vs ulysses_chapter3:	0.0546875 | 0.8378378378378378
hamlet_chapter4 vs hamlet_chapter4:	1.0 | 1.0
hamlet_chapter4 vs hamlet_chapter5:	0.078125 | 0.8823529411764706
hamlet_chapter4 vs kingLear_chapter1:	0.09375 | 0.7941176470588235
hamlet_chapter4 vs kingLear_chapter2:	0.08984375 | 0.7941176470588235
hamlet_chapter4 vs kingLear_chapter3:	0.078125 | 0.8823529411764706
hamlet_chapter4 vs kingLear_chapter4:	0.08203125 | 0.7941176470588235
hamlet_chapter4 vs kingLear_chapter5:	0.05859375 | 0.7941176470588235
hamlet_chapter4 vs othello_chapter1:	0.06640625 | 0.7941176470588235
hamlet_chapter4 vs othello_chapter2:	0.09765625 | 0.7941176470588235
hamlet_chapter4 vs othello_chapter3:	0.10546875 | 0.7941176470588235
hamlet_chapter4 vs othello_chapter4:	0.0859375 | 0.7941176470588235
hamlet_chapter4 vs othello_chapter5:	0.08203125 | 0.7941176470588235
hamlet_chapter4 vs romeoJuliet_chapter1:	0.0625 | 0.8823529411764706
hamlet_chapter4 vs romeoJuliet_chapter2:	0.09765625 | 0.7941176470588235
hamlet_chapter4 vs romeoJuliet_chapter3:	0.08984375 | 0.7941176470588235
hamlet_chapter4 vs romeoJuliet_chapter4:	0.08203125 | 0.8823529411764706
hamlet_chapter4 vs romeoJuliet_chapter5:	0.0703125 | 0.8235294117647058
hamlet_chapter4 vs romeoJuliet_prologue:	0.00390625 | 0.7058823529411765
hamlet_chapter4 vs ulysses_chapter1:	0.05859375 | 0.8648648648648649
hamlet_chapter4 vs ulysses_chapter2:	0.01953125 | 0.918918918918919
hamlet_chapter4 vs ulysses_chapter3:	0.04296875 | 0.918918918918919
hamlet_chapter5 vs hamlet_chapter5:	1.0 | 1.0
hamlet_chapter5 vs kingLear_chapter1:	0.1015625 | 0.9
hamlet_chapter5 vs kingLear_chapter2:	0.09765625 | 0.9
hamlet_chapter5 vs kingLear_chapter3:	0.08984375 | 0.9354838709677419
hamlet_chapter5 vs kingLear_chapter4:	0.109375 | 0.9
hamlet_chapter5 vs kingLear_chapter5:	0.078125 | 0.9
hamlet_chapter5 vs othello_chapter1:	0.078125 | 0.9
hamlet_chapter5 vs othello_chapter2:	0.09765625 | 0.9
hamlet_chapter5 vs othello_chapter3:	0.09765625 | 0.9
hamlet_chapter5 vs othello_chapter4:	0.0859375 | 0.9
hamlet_chapter5 vs othello_chapter5:	0.08984375 | 0.9
hamlet_chapter5 vs romeoJuliet_chapter1:	0.0859375 | 0.9354838709677419
hamlet_chapter5 vs romeoJuliet_chapter2:	0.1015625 | 0.9
hamlet_chapter5 vs romeoJuliet_chapter3:	0.1171875 | 0.9
hamlet_chapter5 vs romeoJuliet_chapter4:	0.0859375 | 0.9354838709677419
hamlet_chapter5 vs romeoJuliet_chapter5:	0.08203125 | 0.8709677419354839
hamlet_chapter5 vs romeoJuliet_prologue:	0.0 | 0.8
hamlet_chapter5 vs ulysses_chapter1:	0.03125 | 0.8055555555555556
hamlet_chapter5 vs ulysses_chapter2:	0.0234375 | 0.8108108108108109
hamlet_chapter5 vs ulysses_chapter3:	0.02734375 | 0.8108108108108109
kingLear_chapter1 vs kingLear_chapter1:	1.0 | 1.0
kingLear_chapter1 vs kingLear_chapter2:	0.12109375 | 1.0
kingLear_chapter1 vs kingLear_chapter3:	0.09765625 | 0.9
kingLear_chapter1 vs kingLear_chapter4:	0.09375 | 1.0
kingLear_chapter1 vs kingLear_chapter5:	0.0859375 | 1.0
kingLear_chapter1 vs othello_chapter1:	0.125 | 1.0
kingLear_chapter1 vs othello_chapter2:	0.12890625 | 1.0
kingLear_chapter1 vs othello_chapter3:	0.11328125 | 1.0
kingLear_chapter1 vs othello_chapter4:	0.13671875 | 1.0
kingLear_chapter1 vs othello_chapter5:	0.05859375 | 1.0
kingLear_chapter1 vs romeoJuliet_chapter1:	0.08984375 | 0.9
kingLear_chapter1 vs romeoJuliet_chapter2:	0.1171875 | 1.0
kingLear_chapter1 vs romeoJuliet_chapter3:	0.1015625 | 1.0
kingLear_chapter1 vs romeoJuliet_chapter4:	0.09375 | 0.9
kingLear_chapter1 vs romeoJuliet_chapter5:	0.0703125 | 0.896551724137931
kingLear_chapter1 vs romeoJuliet_prologue:	0.0078125 | 0.8888888888888888
kingLear_chapter1 vs ulysses_chapter1:	0.046875 | 0.7714285714285715
kingLear_chapter1 vs ulysses_chapter2:	0.0390625 | 0.7297297297297297
kingLear_chapter1 vs ulysses_chapter3:	0.05078125 | 0.7297297297297297
kingLear_chapter2 vs kingLear_chapter2:	1.0 | 1.0
kingLear_chapter2 vs kingLear_chapter3:	0.11328125 | 0.9
kingLear_chapter2 vs kingLear_chapter4:	0.09765625 | 1.0
kingLear_chapter2 vs kingLear_chapter5:	0.08984375 | 1.0
kingLear_chapter2 vs othello_chapter1:	0.09375 | 1.0
kingLear_chapter2 vs othello_chapter2:	0.0625 | 1.0
kingLear_chapter2 vs othello_chapter3:	0.10546875 | 1.0
kingLear_chapter2 vs othello_chapter4:	0.08984375 | 1.0
kingLear_chapter2 vs othello_chapter5:	0.06640625 | 1.0
kingLear_chapter2 vs romeoJuliet_chapter1:	0.08203125 | 0.9
kingLear_chapter2 vs romeoJuliet_chapter2:	0.08203125 | 1.0
kingLear_chapter2 vs romeoJuliet_chapter3:	0.1015625 | 1.0
kingLear_chapter2 vs romeoJuliet_chapter4:	0.07421875 | 0.9
kingLear_chapter2 vs romeoJuliet_chapter5:	0.07421875 | 0.896551724137931
kingLear_chapter2 vs romeoJuliet_prologue:	0.0 | 0.8888888888888888
kingLear_chapter2 vs ulysses_chapter1:	0.046875 | 0.7714285714285715
kingLear_chapter2 vs ulysses_chapter2:	0.04296875 | 0.7297297297297297
kingLear_chapter2 vs ulysses_chapter3:	0.03125 | 0.7297297297297297
kingLear_chapter3 vs kingLear_chapter3:	1.0 | 1.0
kingLear_chapter3 vs kingLear_chapter4:	0.109375 | 0.9
kingLear_chapter3 vs kingLear_chapter5:	0.07421875 | 0.9
kingLear_chapter3 vs othello_chapter1:	0.1015625 | 0.9
kingLear_chapter3 vs othello_chapter2:	0.08203125 | 0.9
kingLear_chapter3 vs othello_chapter3:	0.10546875 | 0.9
kingLear_chapter3 vs othello_chapter4:	0.0859375 | 0.9
kingLear_chapter3 vs othello_chapter5:	0.07421875 | 0.9
kingLear_chapter3 vs romeoJuliet_chapter1:	0.078125 | 1.0
kingLear_chapter3 vs romeoJuliet_chapter2:	0.0859375 | 0.9
kingLear_chapter3 vs romeoJuliet_chapter3:	0.09765625 | 0.9
kingLear_chapter3 vs romeoJuliet_chapter4:	0.0703125 | 1.0
kingLear_chapter3 vs romeoJuliet_chapter5:	0.0546875 | 0.9333333333333333
kingLear_chapter3 vs romeoJuliet_prologue:	0.00390625 | 0.8
kingLear_chapter3 vs ulysses_chapter1:	0.03125 | 0.8055555555555556
kingLear_chapter3 vs ulysses_chapter2:	0.00390625 | 0.8108108108108109
kingLear_chapter3 vs ulysses_chapter3:	0.02734375 | 0.8108108108108109
kingLear_chapter4 vs kingLear_chapter4:	1.0 | 1.0
kingLear_chapter4 vs kingLear_chapter5:	0.078125 | 1.0
kingLear_chapter4 vs othello_chapter1:	0.0859375 | 1.0
kingLear_chapter4 vs othello_chapter2:	0.1015625 | 1.0
kingLear_chapter4 vs othello_chapter3:	0.0625 | 1.0
kingLear_chapter4 vs othello_chapter4:	0.078125 | 1.0
kingLear_chapter4 vs othello_chapter5:	0.0625 | 1.0
kingLear_chapter4 vs romeoJuliet_chapter1:	0.07421875 | 0.9
kingLear_chapter4 vs romeoJuliet_chapter2:	0.07421875 | 1.0
kingLear_chapter4 vs romeoJuliet_chapter3:	0.09765625 | 1.0
kingLear_chapter4 vs romeoJuliet_chapter4:	0.07421875 | 0.9
kingLear_chapter4 vs romeoJuliet_chapter5:	0.07421875 | 0.896551724137931
kingLear_chapter4 vs romeoJuliet_prologue:	0.00390625 | 0.8888888888888888
kingLear_chapter4 vs ulysses_chapter1:	0.03515625 | 0.7714285714285715
kingLear_chapter4 vs ulysses_chapter2:	0.01953125 | 0.7297297297297297
kingLear_chapter4 vs ulysses_chapter3:	0.04296875 | 0.7297297297297297
kingLear_chapter5 vs kingLear_chapter5:	1.0 | 1.0
kingLear_chapter5 vs othello_chapter1:	0.07421875 | 1.0
kingLear_chapter5 vs othello_chapter2:	0.09765625 | 1.0
kingLear_chapter5 vs othello_chapter3:	0.078125 | 1.0
kingLear_chapter5 vs othello_chapter4:	0.0625 | 1.0
kingLear_chapter5 vs othello_chapter5:	0.0859375 | 1.0
kingLear_chapter5 vs romeoJuliet_chapter1:	0.0625 | 0.9
kingLear_chapter5 vs romeoJuliet_chapter2:	0.07421875 | 1.0
kingLear_chapter5 vs romeoJuliet_chapter3:	0.08203125 | 1.0
kingLear_chapter5 vs romeoJuliet_chapter4:	0.0859375 | 0.9
kingLear_chapter5 vs romeoJuliet_chapter5:	0.046875 | 0.896551724137931
kingLear_chapter5 vs romeoJuliet_prologue:	0.0 | 0.8888888888888888
kingLear_chapter5 vs ulysses_chapter1:	0.03125 | 0.7714285714285715
kingLear_chapter5 vs ulysses_chapter2:	0.0078125 | 0.7297297297297297
kingLear_chapter5 vs ulysses_chapter3:	0.015625 | 0.7297297297297297
othello_chapter1 vs othello_chapter1:	1.0 | 1.0
othello_chapter1 vs othello_chapter2:	0.10546875 | 1.0
othello_chapter1 vs othello_chapter3:	0.1015625 | 1.0
othello_chapter1 vs othello_chapter4:	0.09375 | 1.0
othello_chapter1 vs othello_chapter5:	0.0546875 | 1.0
othello_chapter1 vs romeoJuliet_chapter1:	0.09375 | 0.9
othello_chapter1 vs romeoJuliet_chapter2:	0.078125 | 1.0
othello_chapter1 vs romeoJuliet_chapter3:	0.09375 | 1.0
othello_chapter1 vs romeoJuliet_chapter4:	0.0703125 | 0.9
othello_chapter1 vs romeoJuliet_chapter5:	0.046875 | 0.896551724137931
othello_chapter1 vs romeoJuliet_prologue:	0.0 | 0.8888888888888888
othello_chapter1 vs ulysses_chapter1:	0.04296875 | 0.7714285714285715
othello_chapter1 vs ulysses_chapter2:	0.01953125 | 0.7297297297297297
othello_chapter1 vs ulysses_chapter3:	0.03515625 | 0.7297297297297297
othello_chapter2 vs othello_chapter2:	1.0 | 1.0
othello_chapter2 vs othello_chapter3:	0.14453125 | 1.0
othello_chapter2 vs othello_chapter4:	0.1015625 | 1.0
othello_chapter2 vs othello_chapter5:	0.09375 | 1.0
othello_chapter2 vs romeoJuliet_chapter1:	0.1015625 | 0.9
othello_chapter2 vs romeoJuliet_chapter2:	0.12109375 | 1.0
othello_chapter2 vs romeoJuliet_chapter3:	0.11328125 | 1.0
othello_chapter2 vs romeoJuliet_chapter4:	0.09375 | 0.9
othello_chapter2 vs romeoJuliet_chapter5:	0.08203125 | 0.896551724137931
othello_chapter2 vs romeoJuliet_prologue:	0.0 | 0.8888888888888888
othello_chapter2 vs ulysses_chapter1:	0.03515625 | 0.7714285714285715
othello_chapter2 vs ulysses_chapter2:	0.02734375 | 0.7297297297297297
othello_chapter2 vs ulysses_chapter3:	0.0546875 | 0.7297297297297297
othello_chapter3 vs othello_chapter3:	1.0 | 1.0
othello_chapter3 vs othello_chapter4:	0.12109375 | 1.0
othello_chapter3 vs othello_chapter5:	0.12109375 | 1.0
othello_chapter3 vs romeoJuliet_chapter1:	0.09375 | 0.9
othello_chapter3 vs romeoJuliet_chapter2:	0.12890625 | 1.0
othello_chapter3 vs romeoJuliet_chapter3:	0.11328125 | 1.0
othello_chapter3 vs romeoJuliet_chapter4:	0.078125 | 0.9
othello_chapter3 vs romeoJuliet_chapter5:	0.07421875 | 0.896551724137931
othello_chapter3 vs romeoJuliet_prologue:	0.0 | 0.8888888888888888
othello_chapter3 vs ulysses_chapter1:	0.05078125 | 0.7714285714285715
othello_chapter3 vs ulysses_chapter2:	0.04296875 | 0.7297297297297297
othello_chapter3 vs ulysses_chapter3:	0.046875 | 0.7297297297297297
othello_chapter4 vs othello_chapter4:	1.0 | 1.0
othello_chapter4 vs othello_chapter5:	0.109375 | 1.0
othello_chapter4 vs romeoJuliet_chapter1:	0.0859375 | 0.9
othello_chapter4 vs romeoJuliet_chapter2:	0.09375 | 1.0
othello_chapter4 vs romeoJuliet_chapter3:	0.08984375 | 1.0
othello_chapter4 vs romeoJuliet_chapter4:	0.0703125 | 0.9
othello_chapter4 vs romeoJuliet_chapter5:	0.0703125 | 0.896551724137931
othello_chapter4 vs romeoJuliet_prologue:	0.0 | 0.8888888888888888
othello_chapter4 vs ulysses_chapter1:	0.0390625 | 0.7714285714285715
othello_chapter4 vs ulysses_chapter2:	0.0390625 | 0.7297297297297297
othello_chapter4 vs ulysses_chapter3:	0.0390625 | 0.7297297297297297
othello_chapter5 vs othello_chapter5:	1.0 | 1.0
othello_chapter5 vs romeoJuliet_chapter1:	0.06640625 | 0.9
othello_chapter5 vs romeoJuliet_chapter2:	0.08203125 | 1.0
othello_chapter5 vs romeoJuliet_chapter3:	0.0859375 | 1.0
othello_chapter5 vs romeoJuliet_chapter4:	0.0625 | 0.9
othello_chapter5 vs romeoJuliet_chapter5:	0.0703125 | 0.896551724137931
othello_chapter5 vs romeoJuliet_prologue:	0.00390625 | 0.8888888888888888
othello_chapter5 vs ulysses_chapter1:	0.0390625 | 0.7714285714285715
othello_chapter5 vs ulysses_chapter2:	0.01953125 | 0.7297297297297297
othello_chapter5 vs ulysses_chapter3:	0.03125 | 0.7297297297297297
romeoJuliet_chapter1 vs romeoJuliet_chapter1:	1.0 | 1.0
romeoJuliet_chapter1 vs romeoJuliet_chapter2:	0.10546875 | 0.9
romeoJuliet_chapter1 vs romeoJuliet_chapter3:	0.08984375 | 0.9
romeoJuliet_chapter1 vs romeoJuliet_chapter4:	0.0625 | 1.0
romeoJuliet_chapter1 vs romeoJuliet_chapter5:	0.06640625 | 0.9333333333333333
romeoJuliet_chapter1 vs romeoJuliet_prologue:	0.00390625 | 0.8
romeoJuliet_chapter1 vs ulysses_chapter1:	0.05859375 | 0.8055555555555556
romeoJuliet_chapter1 vs ulysses_chapter2:	0.03125 | 0.8108108108108109
romeoJuliet_chapter1 vs ulysses_chapter3:	0.0546875 | 0.8108108108108109
romeoJuliet_chapter2 vs romeoJuliet_chapter2:	1.0 | 1.0
romeoJuliet_chapter2 vs romeoJuliet_chapter3:	0.12109375 | 1.0
romeoJuliet_chapter2 vs romeoJuliet_chapter4:	0.1015625 | 0.9
romeoJuliet_chapter2 vs romeoJuliet_chapter5:	0.09375 | 0.896551724137931
romeoJuliet_chapter2 vs romeoJuliet_prologue:	0.0 | 0.8888888888888888
romeoJuliet_chapter2 vs ulysses_chapter1:	0.05078125 | 0.7714285714285715
romeoJuliet_chapter2 vs ulysses_chapter2:	0.05078125 | 0.7297297297297297
romeoJuliet_chapter2 vs ulysses_chapter3:	0.078125 | 0.7297297297297297
romeoJuliet_chapter3 vs romeoJuliet_chapter3:	1.0 | 1.0
romeoJuliet_chapter3 vs romeoJuliet_chapter4:	0.09375 | 0.9
romeoJuliet_chapter3 vs romeoJuliet_chapter5:	0.09765625 | 0.896551724137931
romeoJuliet_chapter3 vs romeoJuliet_prologue:	0.00390625 | 0.8888888888888888
romeoJuliet_chapter3 vs ulysses_chapter1:	0.01953125 | 0.7714285714285715
romeoJuliet_chapter3 vs ulysses_chapter2:	0.03515625 | 0.7297297297297297
romeoJuliet_chapter3 vs ulysses_chapter3:	0.046875 | 0.7297297297297297
romeoJuliet_chapter4 vs romeoJuliet_chapter4:	1.0 | 1.0
romeoJuliet_chapter4 vs romeoJuliet_chapter5:	0.0625 | 0.9333333333333333
romeoJuliet_chapter4 vs romeoJuliet_prologue:	0.0 | 0.8
romeoJuliet_chapter4 vs ulysses_chapter1:	0.02734375 | 0.8055555555555556
romeoJuliet_chapter4 vs ulysses_chapter2:	0.03515625 | 0.8108108108108109
romeoJuliet_chapter4 vs ulysses_chapter3:	0.03515625 | 0.8108108108108109
romeoJuliet_chapter5 vs romeoJuliet_chapter5:	1.0 | 1.0
romeoJuliet_chapter5 vs romeoJuliet_prologue:	0.00390625 | 0.7931034482758621
romeoJuliet_chapter5 vs ulysses_chapter1:	0.03125 | 0.75
romeoJuliet_chapter5 vs ulysses_chapter2:	0.0234375 | 0.7567567567567568
romeoJuliet_chapter5 vs ulysses_chapter3:	0.02734375 | 0.7567567567567568
romeoJuliet_prologue vs romeoJuliet_prologue:	1.0 | 1.0
romeoJuliet_prologue vs ulysses_chapter1:	0.0 | 0.6857142857142857
romeoJuliet_prologue vs ulysses_chapter2:	0.0 | 0.6486486486486487
romeoJuliet_prologue vs ulysses_chapter3:	0.00390625 | 0.6486486486486487
ulysses_chapter1 vs ulysses_chapter1:	1.0 | 1.0
ulysses_chapter1 vs ulysses_chapter2:	0.09765625 | 0.9459459459459459
ulysses_chapter1 vs ulysses_chapter3:	0.1015625 | 0.9459459459459459
ulysses_chapter2 vs ulysses_chapter2:	1.0 | 1.0
ulysses_chapter2 vs ulysses_chapter3:	0.21875 | 1.0
ulysses_chapter3 vs ulysses_chapter3:	1.0 | 1.0
