Jaccard
Opening and cleaning files...
Getting k-grams...
Getting minHashes...
Calculating empirical...
Calculating theoretical...
['hamlet_chapter1', 'hamlet_chapter2', 'hamlet_chapter3', 'hamlet_chapter4', 'hamlet_chapter5', 'kingLear_chapter1', 'kingLear_chapter2', 'kingLear_chapter3', 'kingLear_chapter4', 'kingLear_chapter5', 'othello_chapter1', 'othello_chapter2', 'othello_chapter3', 'othello_chapter4', 'othello_chapter5', 'romeoJuliet_chapter1', 'romeoJuliet_chapter2', 'romeoJuliet_chapter3', 'romeoJuliet_chapter4', 'romeoJuliet_chapter5', 'romeoJuliet_prologue', 'ulysses_chapter1', 'ulysses_chapter2', 'ulysses_chapter3']
Comparison: empirical | theoretical | sanity-check
hamlet_chapter1 vs hamlet_chapter1:	1.0 | 1.0 | 1.0
hamlet_chapter1 vs hamlet_chapter2:	0.0 | 0.0 | 0.24816955684007708
hamlet_chapter1 vs hamlet_chapter3:	0.0 | 0.0 | 0.24278260869565219
hamlet_chapter1 vs hamlet_chapter4:	0.0 | 0.0 | 0.24574594380688564
hamlet_chapter1 vs hamlet_chapter5:	0.0 | 0.0 | 0.24244771494965142
hamlet_chapter1 vs kingLear_chapter1:	0.0 | 0.0 | 0.2343021169716541
hamlet_chapter1 vs kingLear_chapter2:	0.0 | 0.0 | 0.22153128643606684
hamlet_chapter1 vs kingLear_chapter3:	0.0 | 0.0 | 0.2120630042258932
hamlet_chapter1 vs kingLear_chapter4:	0.0 | 0.0 | 0.22873134328358208
hamlet_chapter1 vs kingLear_chapter5:	0.0 | 0.0 | 0.21973684210526315
hamlet_chapter1 vs othello_chapter1:	0.0 | 0.0 | 0.2453846153846154
hamlet_chapter1 vs othello_chapter2:	0.0 | 0.0 | 0.23958333333333334
hamlet_chapter1 vs othello_chapter3:	0.0 | 0.0 | 0.23904382470119523
hamlet_chapter1 vs othello_chapter4:	0.0 | 7.937767899666614e-05 | 0.22102649006622516
hamlet_chapter1 vs othello_chapter5:	0.0 | 0.0 | 0.20945647370746795
hamlet_chapter1 vs romeoJuliet_chapter1:	0.0 | 0.0 | 0.23392252726588944
hamlet_chapter1 vs romeoJuliet_chapter2:	0.0 | 0.0 | 0.21425773599686643
hamlet_chapter1 vs romeoJuliet_chapter3:	0.0 | 0.0 | 0.22863741339491916
hamlet_chapter1 vs romeoJuliet_chapter4:	0.0 | 0.0 | 0.20954545454545453
hamlet_chapter1 vs romeoJuliet_chapter5:	0.0 | 0.0 | 0.2103645147123408
hamlet_chapter1 vs romeoJuliet_prologue:	0.0 | 0.0 | 0.030508474576271188
hamlet_chapter1 vs ulysses_chapter1:	0.0 | 0.00016231131309852296 | 0.14256391117745848
hamlet_chapter1 vs ulysses_chapter2:	0.0 | 2.1263136631600212e-05 | 0.057493984187005846
hamlet_chapter1 vs ulysses_chapter3:	0.0 | 0.0 | 0.08495088408644401
hamlet_chapter2 vs hamlet_chapter2:	1.0 | 1.0 | 1.0
hamlet_chapter2 vs hamlet_chapter3:	0.0 | 0.0 | 0.2563527653213752
hamlet_chapter2 vs hamlet_chapter4:	0.0 | 0.0 | 0.24291155311045282
hamlet_chapter2 vs hamlet_chapter5:	0.0 | 0.0 | 0.23231907894736842
hamlet_chapter2 vs kingLear_chapter1:	0.0 | 0.0 | 0.2315026697177727
hamlet_chapter2 vs kingLear_chapter2:	0.0 | 0.0 | 0.22729175387191294
hamlet_chapter2 vs kingLear_chapter3:	0.0 | 0.0 | 0.2170318313352625
hamlet_chapter2 vs kingLear_chapter4:	0.0 | 0.0 | 0.23083067092651757
hamlet_chapter2 vs kingLear_chapter5:	0.0 | 0.0 | 0.21916508538899432
hamlet_chapter2 vs othello_chapter1:	0.0 | 0.0 | 0.23148901545972336
hamlet_chapter2 vs othello_chapter2:	0.0 | 0.0 | 0.23133716160787532
hamlet_chapter2 vs othello_chapter3:	0.0 | 0.0 | 0.24313893653516294
hamlet_chapter2 vs othello_chapter4:	0.0 | 0.0 | 0.23101123595505618
hamlet_chapter2 vs othello_chapter5:	0.0 | 0.0 | 0.22740524781341107
hamlet_chapter2 vs romeoJuliet_chapter1:	0.0 | 0.0 | 0.23392282958199356
hamlet_chapter2 vs romeoJuliet_chapter2:	0.0 | 0.0 | 0.22936170212765958
hamlet_chapter2 vs romeoJuliet_chapter3:	0.0 | 0.0 | 0.22422997946611908
hamlet_chapter2 vs romeoJuliet_chapter4:	0.0 | 0.0 | 0.19105493437044238
hamlet_chapter2 vs romeoJuliet_chapter5:	0.0 | 0.0 | 0.20558976788252012
hamlet_chapter2 vs romeoJuliet_prologue:	0.0 | 0.0 | 0.03596660244059088
hamlet_chapter2 vs ulysses_chapter1:	0.0 | 0.0 | 0.1336529242569511
hamlet_chapter2 vs ulysses_chapter2:	0.0 | 1.0691985287828244e-05 | 0.05263384960524613
hamlet_chapter2 vs ulysses_chapter3:	0.0 | 0.0 | 0.07785618013161025
hamlet_chapter3 vs hamlet_chapter3:	1.0 | 1.0 | 1.0
hamlet_chapter3 vs hamlet_chapter4:	0.0 | 0.0 | 0.2479969477298741
hamlet_chapter3 vs hamlet_chapter5:	0.0 | 7.270612185546023e-05 | 0.23736998514115898
hamlet_chapter3 vs kingLear_chapter1:	0.0 | 0.0 | 0.2307426597582038
hamlet_chapter3 vs kingLear_chapter2:	0.0 | 0.0 | 0.23384964110313564
hamlet_chapter3 vs kingLear_chapter3:	0.0 | 0.0 | 0.21542454579162032
hamlet_chapter3 vs kingLear_chapter4:	0.0 | 0.0 | 0.23947750362844702
hamlet_chapter3 vs kingLear_chapter5:	0.0 | 0.0 | 0.224283305227656
hamlet_chapter3 vs othello_chapter1:	0.0 | 0.0 | 0.23475385745775165
hamlet_chapter3 vs othello_chapter2:	0.0 | 0.0 | 0.2323605467306982
hamlet_chapter3 vs othello_chapter3:	0.0 | 0.0 | 0.24012274645186038
hamlet_chapter3 vs othello_chapter4:	0.0 | 0.0 | 0.23711755233494364
hamlet_chapter3 vs othello_chapter5:	0.0 | 0.0 | 0.2311665949203616
hamlet_chapter3 vs romeoJuliet_chapter1:	0.0 | 0.0 | 0.23244026068066617
hamlet_chapter3 vs romeoJuliet_chapter2:	0.0 | 0.0 | 0.22594142259414227
hamlet_chapter3 vs romeoJuliet_chapter3:	0.0 | 0.0 | 0.2346368715083799
hamlet_chapter3 vs romeoJuliet_chapter4:	0.0 | 0.0 | 0.21096128751631144
hamlet_chapter3 vs romeoJuliet_chapter5:	0.0 | 0.0 | 0.20208768267223381
hamlet_chapter3 vs romeoJuliet_prologue:	0.0 | 0.0 | 0.03070407623080995
hamlet_chapter3 vs ulysses_chapter1:	0.0 | 0.0 | 0.14082191780821918
hamlet_chapter3 vs ulysses_chapter2:	0.0 | 2.119115481198148e-05 | 0.06232282449961343
hamlet_chapter3 vs ulysses_chapter3:	0.0 | 0.0 | 0.08675977217757666
hamlet_chapter4 vs hamlet_chapter4:	1.0 | 1.0 | 1.0
hamlet_chapter4 vs hamlet_chapter5:	0.0 | 0.0 | 0.25366695427092323
hamlet_chapter4 vs kingLear_chapter1:	0.0 | 0.0 | 0.2291421856639248
hamlet_chapter4 vs kingLear_chapter2:	0.0 | 0.0 | 0.23253796095444684
hamlet_chapter4 vs kingLear_chapter3:	0.0 | 0.0 | 0.2202737382378101
hamlet_chapter4 vs kingLear_chapter4:	0.0 | 0.0 | 0.2359504132231405
hamlet_chapter4 vs kingLear_chapter5:	0.0 | 0.0 | 0.23394723743155799
hamlet_chapter4 vs othello_chapter1:	0.0 | 0.0 | 0.23621052631578948
hamlet_chapter4 vs othello_chapter2:	0.0 | 0.0 | 0.23714407139821506
hamlet_chapter4 vs othello_chapter3:	0.0 | 0.0 | 0.23864137626819584
hamlet_chapter4 vs othello_chapter4:	0.0 | 0.0 | 0.23622782446311857
hamlet_chapter4 vs othello_chapter5:	0.0 | 0.0 | 0.23541349568746828
hamlet_chapter4 vs romeoJuliet_chapter1:	0.0 | 0.0 | 0.2279472382522671
hamlet_chapter4 vs romeoJuliet_chapter2:	0.0 | 0.0 | 0.228270412642669
hamlet_chapter4 vs romeoJuliet_chapter3:	0.0 | 0.0 | 0.23768736616702354
hamlet_chapter4 vs romeoJuliet_chapter4:	0.0 | 0.0 | 0.22291342664593053
hamlet_chapter4 vs romeoJuliet_chapter5:	0.0 | 0.0 | 0.22211155378486055
hamlet_chapter4 vs romeoJuliet_prologue:	0.0 | 0.0 | 0.03607896528250511
hamlet_chapter4 vs ulysses_chapter1:	0.0 | 0.0 | 0.12853819309810005
hamlet_chapter4 vs ulysses_chapter2:	0.0 | 0.0 | 0.05006695753596268
hamlet_chapter4 vs ulysses_chapter3:	0.0 | 0.0 | 0.07481693728112067
hamlet_chapter5 vs hamlet_chapter5:	1.0 | 1.0 | 1.0
hamlet_chapter5 vs kingLear_chapter1:	0.0 | 0.0 | 0.22434915773353753
hamlet_chapter5 vs kingLear_chapter2:	0.0 | 0.0 | 0.21584241408214586
hamlet_chapter5 vs kingLear_chapter3:	0.0 | 0.0 | 0.21072319201995013
hamlet_chapter5 vs kingLear_chapter4:	0.0 | 0.0 | 0.22677925211097708
hamlet_chapter5 vs kingLear_chapter5:	0.0 | 0.0 | 0.23672674135411592
hamlet_chapter5 vs othello_chapter1:	0.0 | 0.0 | 0.23140156185778873
hamlet_chapter5 vs othello_chapter2:	0.0 | 0.0 | 0.23534303534303536
hamlet_chapter5 vs othello_chapter3:	0.0 | 0.0 | 0.23195876288659795
hamlet_chapter5 vs othello_chapter4:	0.0 | 0.0 | 0.23202911737943585
hamlet_chapter5 vs othello_chapter5:	0.0 | 0.0 | 0.22725036891293654
hamlet_chapter5 vs romeoJuliet_chapter1:	0.0 | 0.0 | 0.22195416164053075
hamlet_chapter5 vs romeoJuliet_chapter2:	0.0 | 0.0 | 0.21824381926683717
hamlet_chapter5 vs romeoJuliet_chapter3:	0.0 | 0.0 | 0.22153209109730848
hamlet_chapter5 vs romeoJuliet_chapter4:	0.0 | 0.0 | 0.21986888552697934
hamlet_chapter5 vs romeoJuliet_chapter5:	0.0 | 0.0 | 0.21098265895953758
hamlet_chapter5 vs romeoJuliet_prologue:	0.0 | 0.0 | 0.03398692810457516
hamlet_chapter5 vs ulysses_chapter1:	0.0 | 0.0 | 0.13052672049211841
hamlet_chapter5 vs ulysses_chapter2:	0.0 | 0.0 | 0.05070714039323905
hamlet_chapter5 vs ulysses_chapter3:	0.0 | 0.0 | 0.07633708935089668
kingLear_chapter1 vs kingLear_chapter1:	1.0 | 1.0 | 1.0
kingLear_chapter1 vs kingLear_chapter2:	0.0 | 0.0 | 0.2751322751322751
kingLear_chapter1 vs kingLear_chapter3:	0.0 | 0.0 | 0.2406311637080868
kingLear_chapter1 vs kingLear_chapter4:	0.0 | 0.00028958227756461304 | 0.25930187955504413
kingLear_chapter1 vs kingLear_chapter5:	0.0 | 0.0 | 0.24707470747074708
kingLear_chapter1 vs othello_chapter1:	0.0 | 0.0 | 0.2501936483346243
kingLear_chapter1 vs othello_chapter2:	0.0 | 0.0 | 0.23667953667953667
kingLear_chapter1 vs othello_chapter3:	0.0 | 0.0 | 0.24848973016512282
kingLear_chapter1 vs othello_chapter4:	0.0 | 0.0 | 0.2436548223350254
kingLear_chapter1 vs othello_chapter5:	0.0 | 0.0 | 0.22561797752808987
kingLear_chapter1 vs romeoJuliet_chapter1:	0.0 | 0.0 | 0.23108769288671435
kingLear_chapter1 vs romeoJuliet_chapter2:	0.0 | 0.0 | 0.22473246135552913
kingLear_chapter1 vs romeoJuliet_chapter3:	0.0 | 0.0 | 0.23476911136980985
kingLear_chapter1 vs romeoJuliet_chapter4:	0.0 | 0.0 | 0.20719489981785064
kingLear_chapter1 vs romeoJuliet_chapter5:	0.0 | 0.0 | 0.20069960647135987
kingLear_chapter1 vs romeoJuliet_prologue:	0.0 | 0.0 | 0.03126776577600909
kingLear_chapter1 vs ulysses_chapter1:	0.0 | 0.0 | 0.12869276218611522
kingLear_chapter1 vs ulysses_chapter2:	0.0 | 0.0 | 0.05620196642479928
kingLear_chapter1 vs ulysses_chapter3:	0.0 | 0.0 | 0.08195435652105718
kingLear_chapter2 vs kingLear_chapter2:	1.0 | 1.0 | 1.0
kingLear_chapter2 vs kingLear_chapter3:	0.0 | 0.0 | 0.2618520159503766
kingLear_chapter2 vs kingLear_chapter4:	0.0 | 0.0 | 0.2588532883642496
kingLear_chapter2 vs kingLear_chapter5:	0.0 | 0.0 | 0.2616012238653748
kingLear_chapter2 vs othello_chapter1:	0.0 | 0.0 | 0.23879966187658494
kingLear_chapter2 vs othello_chapter2:	0.0 | 0.0 | 0.23501912452188695
kingLear_chapter2 vs othello_chapter3:	0.0 | 0.0 | 0.24744103248776145
kingLear_chapter2 vs othello_chapter4:	0.0 | 0.0 | 0.24964539007092199
kingLear_chapter2 vs othello_chapter5:	0.0 | 0.0 | 0.23538383324860193
kingLear_chapter2 vs romeoJuliet_chapter1:	0.0 | 0.0 | 0.22740404457284358
kingLear_chapter2 vs romeoJuliet_chapter2:	0.0 | 0.0 | 0.22931338028169015
kingLear_chapter2 vs romeoJuliet_chapter3:	0.0 | 0.0 | 0.23819742489270387
kingLear_chapter2 vs romeoJuliet_chapter4:	0.0 | 0.0 | 0.21968911917098446
kingLear_chapter2 vs romeoJuliet_chapter5:	0.0 | 0.0 | 0.2129767211490837
kingLear_chapter2 vs romeoJuliet_prologue:	0.0 | 0.0 | 0.03691045796308954
kingLear_chapter2 vs ulysses_chapter1:	0.0 | 0.0 | 0.12582268679829656
kingLear_chapter2 vs ulysses_chapter2:	0.0 | 0.0 | 0.0480852164912886
kingLear_chapter2 vs ulysses_chapter3:	0.0 | 0.0 | 0.0694818570749485
kingLear_chapter3 vs kingLear_chapter3:	1.0 | 1.0 | 1.0
kingLear_chapter3 vs kingLear_chapter4:	0.0 | 8.812902088657794e-05 | 0.2698009318085557
kingLear_chapter3 vs kingLear_chapter5:	0.0 | 0.0 | 0.2542885973763875
kingLear_chapter3 vs othello_chapter1:	0.0 | 0.0 | 0.2186335403726708
kingLear_chapter3 vs othello_chapter2:	0.0 | 0.0 | 0.21938988717091518
kingLear_chapter3 vs othello_chapter3:	0.0 | 0.0 | 0.23464912280701755
kingLear_chapter3 vs othello_chapter4:	0.0 | 0.0 | 0.2246309963099631
kingLear_chapter3 vs othello_chapter5:	0.0 | 0.0 | 0.2383367139959432
kingLear_chapter3 vs romeoJuliet_chapter1:	0.0 | 0.0 | 0.23388429752066114
kingLear_chapter3 vs romeoJuliet_chapter2:	0.0 | 0.0 | 0.2264975951027547
kingLear_chapter3 vs romeoJuliet_chapter3:	0.0 | 0.0 | 0.2332907620263942
kingLear_chapter3 vs romeoJuliet_chapter4:	0.0 | 0.0 | 0.22021660649819494
kingLear_chapter3 vs romeoJuliet_chapter5:	0.0 | 0.0 | 0.21410952146028614
kingLear_chapter3 vs romeoJuliet_prologue:	0.0 | 0.0 | 0.03380662609871535
kingLear_chapter3 vs ulysses_chapter1:	0.0 | 0.0 | 0.1268368136117556
kingLear_chapter3 vs ulysses_chapter2:	0.0 | 0.0 | 0.047924837305520836
kingLear_chapter3 vs ulysses_chapter3:	0.0 | 0.0 | 0.06654562677612882
kingLear_chapter4 vs kingLear_chapter4:	1.0 | 1.0 | 1.0
kingLear_chapter4 vs kingLear_chapter5:	0.0 | 0.0 | 0.27440505099562895
kingLear_chapter4 vs othello_chapter1:	0.0 | 0.0 | 0.2524390243902439
kingLear_chapter4 vs othello_chapter2:	0.0 | 0.0 | 0.2367462565762849
kingLear_chapter4 vs othello_chapter3:	0.0 | 0.0 | 0.25074121135112243
kingLear_chapter4 vs othello_chapter4:	0.0 | 0.0 | 0.2457627118644068
kingLear_chapter4 vs othello_chapter5:	0.0 | 0.0 | 0.23859817570811329
kingLear_chapter4 vs romeoJuliet_chapter1:	0.0 | 0.0 | 0.24511757672379433
kingLear_chapter4 vs romeoJuliet_chapter2:	0.0 | 0.0 | 0.24229632756437317
kingLear_chapter4 vs romeoJuliet_chapter3:	0.0 | 0.0 | 0.24232501023331968
kingLear_chapter4 vs romeoJuliet_chapter4:	0.0 | 0.0 | 0.2220595412396291
kingLear_chapter4 vs romeoJuliet_chapter5:	0.0 | 0.0 | 0.23409306742640076
kingLear_chapter4 vs romeoJuliet_prologue:	0.0 | 0.0 | 0.03476101800124146
kingLear_chapter4 vs ulysses_chapter1:	0.0 | 0.0 | 0.13811522319725295
kingLear_chapter4 vs ulysses_chapter2:	0.0 | 0.0 | 0.052828726427279774
kingLear_chapter4 vs ulysses_chapter3:	0.0 | 0.0 | 0.07658936740810854
kingLear_chapter5 vs kingLear_chapter5:	1.0 | 1.0 | 1.0
kingLear_chapter5 vs othello_chapter1:	0.0 | 0.0 | 0.23747591522157996
kingLear_chapter5 vs othello_chapter2:	0.0 | 0.0 | 0.23255813953488372
kingLear_chapter5 vs othello_chapter3:	0.0 | 0.0 | 0.2505122950819672
kingLear_chapter5 vs othello_chapter4:	0.0 | 0.0 | 0.24372955288985823
kingLear_chapter5 vs othello_chapter5:	0.0 | 0.0 | 0.27812113720642767
kingLear_chapter5 vs romeoJuliet_chapter1:	0.0 | 0.0 | 0.2211313697989715
kingLear_chapter5 vs romeoJuliet_chapter2:	0.0 | 0.0 | 0.2265388496468214
kingLear_chapter5 vs romeoJuliet_chapter3:	0.0 | 0.0 | 0.23555337904015672
kingLear_chapter5 vs romeoJuliet_chapter4:	0.0 | 0.0 | 0.22887106724244294
kingLear_chapter5 vs romeoJuliet_chapter5:	0.0 | 0.0 | 0.23784104389086597
kingLear_chapter5 vs romeoJuliet_prologue:	0.0 | 0.0 | 0.04430379746835443
kingLear_chapter5 vs ulysses_chapter1:	0.0 | 0.0 | 0.11419816138917263
kingLear_chapter5 vs ulysses_chapter2:	0.0 | 0.0 | 0.03833976666522097
kingLear_chapter5 vs ulysses_chapter3:	0.0 | 0.0 | 0.05858178887993554
othello_chapter1 vs othello_chapter1:	1.0 | 1.0 | 1.0
othello_chapter1 vs othello_chapter2:	0.0 | 0.0 | 0.2678495986480777
othello_chapter1 vs othello_chapter3:	0.0 | 0.0 | 0.26716222125054656
othello_chapter1 vs othello_chapter4:	0.0 | 0.0 | 0.2576940744143317
othello_chapter1 vs othello_chapter5:	0.0 | 0.0 | 0.23956799214531174
othello_chapter1 vs romeoJuliet_chapter1:	0.0 | 0.0 | 0.22858286629303443
othello_chapter1 vs romeoJuliet_chapter2:	0.0 | 0.0 | 0.22998296422487224
othello_chapter1 vs romeoJuliet_chapter3:	0.0 | 0.0 | 0.23344370860927152
othello_chapter1 vs romeoJuliet_chapter4:	0.0 | 0.0 | 0.20580994583948795
othello_chapter1 vs romeoJuliet_chapter5:	0.0 | 0.0 | 0.210851975249881
othello_chapter1 vs romeoJuliet_prologue:	0.0 | 0.0 | 0.03399615137908916
othello_chapter1 vs ulysses_chapter1:	0.0 | 0.0 | 0.12569034469624835
othello_chapter1 vs ulysses_chapter2:	0.0 | 0.0 | 0.05009899285529827
othello_chapter1 vs ulysses_chapter3:	0.0 | 0.0 | 0.07598543612474276
othello_chapter2 vs othello_chapter2:	1.0 | 1.0 | 1.0
othello_chapter2 vs othello_chapter3:	0.0 | 0.0 | 0.26675485008818345
othello_chapter2 vs othello_chapter4:	0.0 | 0.0001725625539257981 | 0.2554372975474317
othello_chapter2 vs othello_chapter5:	0.0 | 0.0 | 0.2376237623762376
othello_chapter2 vs romeoJuliet_chapter1:	0.0 | 0.0 | 0.22841000807102502
othello_chapter2 vs romeoJuliet_chapter2:	0.0 | 0.0 | 0.22822822822822822
othello_chapter2 vs romeoJuliet_chapter3:	0.0 | 0.0 | 0.2421185372005044
othello_chapter2 vs romeoJuliet_chapter4:	0.0 | 0.0 | 0.2035749751737835
othello_chapter2 vs romeoJuliet_chapter5:	0.0 | 0.0 | 0.19497153700189754
othello_chapter2 vs romeoJuliet_prologue:	0.0 | 0.0 | 0.03455019556714472
othello_chapter2 vs ulysses_chapter1:	0.0 | 0.0 | 0.1252150640412923
othello_chapter2 vs ulysses_chapter2:	0.0 | 0.0 | 0.051648256817397306
othello_chapter2 vs ulysses_chapter3:	0.0 | 0.0 | 0.07553899809765377
othello_chapter3 vs othello_chapter3:	1.0 | 1.0 | 1.0
othello_chapter3 vs othello_chapter4:	0.0 | 0.0004985044865403788 | 0.2863479546574667
othello_chapter3 vs othello_chapter5:	0.0 | 0.0 | 0.2702702702702703
othello_chapter3 vs romeoJuliet_chapter1:	0.0 | 0.0 | 0.2477725922783199
othello_chapter3 vs romeoJuliet_chapter2:	0.0 | 0.0 | 0.2449255751014885
othello_chapter3 vs romeoJuliet_chapter3:	0.0 | 0.0 | 0.2486865148861646
othello_chapter3 vs romeoJuliet_chapter4:	0.0 | 0.0 | 0.2299947005829359
othello_chapter3 vs romeoJuliet_chapter5:	0.0 | 0.0 | 0.22205361659079415
othello_chapter3 vs romeoJuliet_prologue:	0.0 | 0.0 | 0.031988873435326845
othello_chapter3 vs ulysses_chapter1:	0.0 | 0.0 | 0.1240038872691934
othello_chapter3 vs ulysses_chapter2:	0.0 | 1.5994625805729276e-05 | 0.04774650319461233
othello_chapter3 vs ulysses_chapter3:	0.0 | 0.0 | 0.07427203829278022
othello_chapter4 vs othello_chapter4:	1.0 | 1.0 | 1.0
othello_chapter4 vs othello_chapter5:	0.0 | 0.0 | 0.27901658090337333
othello_chapter4 vs romeoJuliet_chapter1:	0.0 | 0.0 | 0.2267313630348478
othello_chapter4 vs romeoJuliet_chapter2:	0.0 | 0.0 | 0.24282982791587
othello_chapter4 vs romeoJuliet_chapter3:	0.0 | 0.0 | 0.2445677300046232
othello_chapter4 vs romeoJuliet_chapter4:	0.0 | 0.0 | 0.23415191319246145
othello_chapter4 vs romeoJuliet_chapter5:	0.0 | 0.0 | 0.2221018418201517
othello_chapter4 vs romeoJuliet_prologue:	0.0 | 0.0 | 0.03680501174628034
othello_chapter4 vs ulysses_chapter1:	0.0 | 0.0 | 0.11945052757316345
othello_chapter4 vs ulysses_chapter2:	0.0 | 0.0 | 0.044084531439459555
othello_chapter4 vs ulysses_chapter3:	0.0 | 0.0 | 0.06465034405504881
othello_chapter5 vs othello_chapter5:	1.0 | 1.0 | 1.0
othello_chapter5 vs romeoJuliet_chapter1:	0.0 | 0.0 | 0.23106423777564716
othello_chapter5 vs romeoJuliet_chapter2:	0.0 | 0.0 | 0.24452554744525548
othello_chapter5 vs romeoJuliet_chapter3:	0.0 | 0.0 | 0.25965447154471544
othello_chapter5 vs romeoJuliet_chapter4:	0.0 | 0.0 | 0.24632117722328856
othello_chapter5 vs romeoJuliet_chapter5:	0.0 | 0.0 | 0.24421437271619975
othello_chapter5 vs romeoJuliet_prologue:	0.0 | 0.0 | 0.044172932330827065
othello_chapter5 vs ulysses_chapter1:	0.0 | 0.0 | 0.10883377741340439
othello_chapter5 vs ulysses_chapter2:	0.0 | 0.0 | 0.03751139669170321
othello_chapter5 vs ulysses_chapter3:	0.0 | 0.0 | 0.05588709677419355
romeoJuliet_chapter1 vs romeoJuliet_chapter1:	1.0 | 1.0 | 1.0
romeoJuliet_chapter1 vs romeoJuliet_chapter2:	0.0 | 0.0 | 0.26499784203711696
romeoJuliet_chapter1 vs romeoJuliet_chapter3:	0.0 | 0.0 | 0.2712363330529857
romeoJuliet_chapter1 vs romeoJuliet_chapter4:	0.0 | 0.0 | 0.2324431256181998
romeoJuliet_chapter1 vs romeoJuliet_chapter5:	0.0 | 0.0 | 0.2319047619047619
romeoJuliet_chapter1 vs romeoJuliet_prologue:	0.0 | 0.0 | 0.0428481411468179
romeoJuliet_chapter1 vs ulysses_chapter1:	0.0 | 0.0 | 0.14105021080873897
romeoJuliet_chapter1 vs ulysses_chapter2:	0.0 | 0.0 | 0.05394566623544631
romeoJuliet_chapter1 vs ulysses_chapter3:	0.0 | 0.0 | 0.07734239216305894
romeoJuliet_chapter2 vs romeoJuliet_chapter2:	1.0 | 1.0 | 1.0
romeoJuliet_chapter2 vs romeoJuliet_chapter3:	0.0 | 0.0004723665564478035 | 0.2871376811594203
romeoJuliet_chapter2 vs romeoJuliet_chapter4:	0.0 | 0.00021473051320592657 | 0.24381054897739504
romeoJuliet_chapter2 vs romeoJuliet_chapter5:	0.0 | 0.0 | 0.24020618556701032
romeoJuliet_chapter2 vs romeoJuliet_prologue:	0.0 | 0.0 | 0.03656821378340366
romeoJuliet_chapter2 vs ulysses_chapter1:	0.0 | 0.0 | 0.12952455488162787
romeoJuliet_chapter2 vs ulysses_chapter2:	0.0 | 0.0 | 0.04908108108108108
romeoJuliet_chapter2 vs ulysses_chapter3:	0.0 | 0.0 | 0.06997455470737914
romeoJuliet_chapter3 vs romeoJuliet_chapter3:	1.0 | 1.0 | 1.0
romeoJuliet_chapter3 vs romeoJuliet_chapter4:	0.0 | 9.501187648456056e-05 | 0.26673695308381656
romeoJuliet_chapter3 vs romeoJuliet_chapter5:	0.0 | 0.0 | 0.2559074912016088
romeoJuliet_chapter3 vs romeoJuliet_prologue:	0.0 | 0.0 | 0.0426098535286285
romeoJuliet_chapter3 vs ulysses_chapter1:	0.0 | 0.0 | 0.1298401078790214
romeoJuliet_chapter3 vs ulysses_chapter2:	0.0 | 0.0 | 0.05092352839634041
romeoJuliet_chapter3 vs ulysses_chapter3:	0.0 | 0.0 | 0.0719202468549727
romeoJuliet_chapter4 vs romeoJuliet_chapter4:	1.0 | 1.0 | 1.0
romeoJuliet_chapter4 vs romeoJuliet_chapter5:	0.0 | 0.0 | 0.2617062219371392
romeoJuliet_chapter4 vs romeoJuliet_prologue:	0.0 | 0.0 | 0.04757085020242915
romeoJuliet_chapter4 vs ulysses_chapter1:	0.0 | 0.0 | 0.10229386236825791
romeoJuliet_chapter4 vs ulysses_chapter2:	0.0 | 0.0 | 0.034301593504407105
romeoJuliet_chapter4 vs ulysses_chapter3:	0.0 | 0.0 | 0.050690128339656144
romeoJuliet_chapter5 vs romeoJuliet_chapter5:	1.0 | 1.0 | 1.0
romeoJuliet_chapter5 vs romeoJuliet_prologue:	0.0 | 0.0 | 0.0521415270018622
romeoJuliet_chapter5 vs ulysses_chapter1:	0.0 | 0.0 | 0.1104520351810186
romeoJuliet_chapter5 vs ulysses_chapter2:	0.0 | 0.0 | 0.03631163879018979
romeoJuliet_chapter5 vs ulysses_chapter3:	0.0 | 0.0 | 0.05495212808753721
romeoJuliet_prologue vs romeoJuliet_prologue:	1.0 | 1.0 | 1.0
romeoJuliet_prologue vs ulysses_chapter1:	0.0 | 0.0 | 0.013522650439486139
romeoJuliet_prologue vs ulysses_chapter2:	0.0 | 0.0 | 0.003843466107617051
romeoJuliet_prologue vs ulysses_chapter3:	0.0 | 0.0 | 0.005863407382938311
ulysses_chapter1 vs ulysses_chapter1:	1.0 | 1.0 | 1.0
ulysses_chapter1 vs ulysses_chapter2:	0.0 | 0.00026188689507904454 | 0.13660223296117313
ulysses_chapter1 vs ulysses_chapter3:	0.0 | 2.2849830911251256e-05 | 0.15496215306980657
ulysses_chapter2 vs ulysses_chapter2:	1.0 | 1.0 | 1.0
ulysses_chapter2 vs ulysses_chapter3:	0.0 | 0.00023112450039251316 | 0.24274950241683252
ulysses_chapter3 vs ulysses_chapter3:	1.0 | 1.0 | 1.0
